#
# There is insufficient memory for the Java Runtime Environment to continue.
# Native memory allocation (mmap) failed to map 253755392 bytes for G1 virtual space
# Possible reasons:
#   The system is out of physical RAM or swap space
#   The process is running with CompressedOops enabled, and the Java Heap may be blocking the growth of the native heap
# Possible solutions:
#   Reduce memory load on the system
#   Increase physical memory or swap space
#   Check if swap backing store is full
#   Decrease Java heap size (-Xmx/-Xms)
#   Decrease number of Java threads
#   Decrease Java thread stack sizes (-Xss)
#   Set larger code cache with -XX:ReservedCodeCacheSize=
#   JVM is running with Unscaled Compressed Oops mode in which the Java heap is
#     placed in the first 4GB address space. The Java Heap base address is the
#     maximum limit for the native heap growth. Please use -XX:HeapBaseMinAddress
#     to set the Java Heap base and to place the Java Heap above 4GB virtual address.
# This output file may be truncated or incomplete.
#
#  Out of Memory Error (os_windows.cpp:3769), pid=328, tid=14300
#
# JRE version: OpenJDK Runtime Environment (17.0.6) (build 17.0.6+0-b2043.56-9586694)
# Java VM: OpenJDK 64-Bit Server VM (17.0.6+0-b2043.56-9586694, mixed mode, tiered, compressed oops, compressed class ptrs, g1 gc, windows-amd64)
# No core dump will be written. Minidumps are not enabled by default on client versions of Windows
#

---------------  S U M M A R Y ------------

Command Line: --add-opens=java.base/java.util=ALL-UNNAMED --add-opens=java.base/java.lang=ALL-UNNAMED --add-opens=java.base/java.lang.invoke=ALL-UNNAMED --add-opens=java.base/java.util=ALL-UNNAMED --add-opens=java.prefs/java.util.prefs=ALL-UNNAMED --add-opens=java.prefs/java.util.prefs=ALL-UNNAMED --add-opens=java.base/java.nio.charset=ALL-UNNAMED --add-opens=java.base/java.net=ALL-UNNAMED --add-opens=java.base/java.util.concurrent.atomic=ALL-UNNAMED -Xmx2048m -Dfile.encoding=UTF-8 -Duser.country=US -Duser.language=en -Duser.variant org.gradle.launcher.daemon.bootstrap.GradleDaemon 7.4

Host: 11th Gen Intel(R) Core(TM) i5-1135G7 @ 2.40GHz, 8 cores, 7G,  Windows 11 , 64 bit Build 22621 (10.0.22621.2506)
Time: Sun Dec  3 00:54:16 2023 Bangladesh Standard Time elapsed time: 125.120059 seconds (0d 0h 2m 5s)

---------------  T H R E A D  ---------------

Current thread (0x000002805fd06c40):  VMThread "VM Thread" [stack: 0x000000fc4cb00000,0x000000fc4cc00000] [id=14300]

Stack: [0x000000fc4cb00000,0x000000fc4cc00000]
Native frames: (J=compiled Java code, j=interpreted, Vv=VM code, C=native code)
V  [jvm.dll+0x683b4a]
V  [jvm.dll+0x842654]
V  [jvm.dll+0x843dfe]
V  [jvm.dll+0x844463]
V  [jvm.dll+0x249b75]
V  [jvm.dll+0x680a19]
V  [jvm.dll+0x674f0a]
V  [jvm.dll+0x309acb]
V  [jvm.dll+0x310f86]
V  [jvm.dll+0x3608ee]
V  [jvm.dll+0x360b1f]
V  [jvm.dll+0x2dfbf8]
V  [jvm.dll+0x2ddec4]
V  [jvm.dll+0x2dd4cc]
V  [jvm.dll+0x321f3b]
V  [jvm.dll+0x84893b]
V  [jvm.dll+0x849674]
V  [jvm.dll+0x849b8d]
V  [jvm.dll+0x849f64]
V  [jvm.dll+0x84a030]
V  [jvm.dll+0x7f25fa]
V  [jvm.dll+0x682985]
C  [ucrtbase.dll+0x29363]
C  [KERNEL32.DLL+0x1257d]
C  [ntdll.dll+0x5aa58]

VM_Operation (0x000000fc55ffca50): G1CollectForAllocation, mode: safepoint, requested by thread 0x00000280615d6860


---------------  P R O C E S S  ---------------

Threads class SMR info:
_java_thread_list=0x0000028064adffb0, length=141, elements={
0x0000028043d5c7d0, 0x000002805fd1c410, 0x000002805fd1cbd0, 0x0000028060848010,
0x00000280608486e0, 0x0000028060848ea0, 0x000002806084b470, 0x000002806084be10,
0x000002806084c4c0, 0x000002806084d9e0, 0x00000280609aaef0, 0x00000280609e7020,
0x0000028061a3f8f0, 0x00000280621d8300, 0x0000028062dab040, 0x0000028061766140,
0x00000280617652d0, 0x0000028061766610, 0x0000028061765c70, 0x0000028061764e00,
0x0000028063624560, 0x0000028063623bc0, 0x0000028063622d50, 0x00000280636236f0,
0x0000028063621070, 0x0000028063621540, 0x0000028063621a10, 0x0000028063628a40,
0x0000028063627bd0, 0x0000028063625550, 0x0000028063628f10, 0x000002806362a720,
0x00000280636280a0, 0x000002806362b590, 0x0000028063626d60, 0x0000028063624bb0,
0x0000028063625080, 0x00000280636293e0, 0x0000028063627230, 0x0000028063629d80,
0x000002806362a250, 0x000002806362ba60, 0x000002806362bf30, 0x0000028063625a20,
0x00000280636263c0, 0x00000280617657a0, 0x0000028061766ae0, 0x0000028061766fb0,
0x0000028061767480, 0x0000028061763ac0, 0x0000028061763f90, 0x0000028061764460,
0x0000028063621ee0, 0x0000028063623220, 0x0000028063b246e0, 0x0000028063b1dd00,
0x0000028063b22ed0, 0x0000028063b20850, 0x0000028063b20d20, 0x0000028063b1f510,
0x0000028063b1e1d0, 0x0000028063b1d360, 0x0000028063b1e6a0, 0x0000028063b1eb70,
0x0000028063b1f040, 0x0000028063b211f0, 0x0000028063b216c0, 0x0000028063b21b90,
0x0000028063b1f9e0, 0x0000028063b22060, 0x0000028063b1feb0, 0x0000028063b22530,
0x0000028063b20380, 0x0000028063b22a00, 0x0000028063b233a0, 0x0000028063b23870,
0x0000028063b1d830, 0x0000028063b24bb0, 0x0000028063b23d40, 0x0000028063b24210,
0x000002806365a3c0, 0x00000280636573a0, 0x0000028063656530, 0x0000028063657d40,
0x0000028063658bb0, 0x0000028063659080, 0x0000028063659a20, 0x0000028063657870,
0x0000028063659550, 0x000002806365c570, 0x000002806365a890, 0x0000028063659ef0,
0x000002806365ad60, 0x0000028063656ed0, 0x000002806365b230, 0x0000028063658210,
0x000002806365b700, 0x000002806365c0a0, 0x00000280636586e0, 0x000002806365d3e0,
0x0000028063656060, 0x000002806365ca40, 0x000002806365bbd0, 0x000002806365cf10,
0x000002806365d8b0, 0x0000028063656a00, 0x0000028060be0890, 0x0000028060be1230,
0x0000028060bdad20, 0x0000028060bdb6c0, 0x0000028060bdc530, 0x0000028060bdca00,
0x0000028060bdb1f0, 0x0000028060bddd40, 0x0000028060be03c0, 0x0000028060bdf080,
0x0000028060bdbb90, 0x0000028060bd99e0, 0x0000028060bdf550, 0x0000028060bde210,
0x0000028060bdd3a0, 0x0000028060be0d60, 0x0000028060bda850, 0x0000028060bdced0,
0x0000028060bde6e0, 0x0000028060bdd870, 0x0000028060bdc060, 0x0000028060bd9eb0,
0x0000028060bdebb0, 0x0000028060bda380, 0x0000028060bdfa20, 0x00000280615d5ec0,
0x00000280615d4b80, 0x00000280615d6390, 0x00000280615d6860, 0x00000280615d0820,
0x00000280615d41e0, 0x00000280615d46b0, 0x00000280615d2030, 0x00000280615d59f0,
0x00000280660cafc0
}

Java Threads: ( => current thread )
  0x0000028043d5c7d0 JavaThread "main" [_thread_blocked, id=13756, stack(0x000000fc4c500000,0x000000fc4c600000)]
  0x000002805fd1c410 JavaThread "Reference Handler" daemon [_thread_blocked, id=4976, stack(0x000000fc4cc00000,0x000000fc4cd00000)]
  0x000002805fd1cbd0 JavaThread "Finalizer" daemon [_thread_blocked, id=11884, stack(0x000000fc4cd00000,0x000000fc4ce00000)]
  0x0000028060848010 JavaThread "Signal Dispatcher" daemon [_thread_blocked, id=10520, stack(0x000000fc4ce00000,0x000000fc4cf00000)]
  0x00000280608486e0 JavaThread "Attach Listener" daemon [_thread_blocked, id=14112, stack(0x000000fc4cf00000,0x000000fc4d000000)]
  0x0000028060848ea0 JavaThread "Service Thread" daemon [_thread_blocked, id=12736, stack(0x000000fc4d000000,0x000000fc4d100000)]
  0x000002806084b470 JavaThread "Monitor Deflation Thread" daemon [_thread_blocked, id=1500, stack(0x000000fc4d100000,0x000000fc4d200000)]
  0x000002806084be10 JavaThread "C2 CompilerThread0" daemon [_thread_blocked, id=14056, stack(0x000000fc4d200000,0x000000fc4d300000)]
  0x000002806084c4c0 JavaThread "C1 CompilerThread0" daemon [_thread_blocked, id=11360, stack(0x000000fc4d300000,0x000000fc4d400000)]
  0x000002806084d9e0 JavaThread "Sweeper thread" daemon [_thread_blocked, id=3332, stack(0x000000fc4d400000,0x000000fc4d500000)]
  0x00000280609aaef0 JavaThread "Common-Cleaner" daemon [_thread_blocked, id=13496, stack(0x000000fc4d500000,0x000000fc4d600000)]
  0x00000280609e7020 JavaThread "Notification Thread" daemon [_thread_blocked, id=7720, stack(0x000000fc4d600000,0x000000fc4d700000)]
  0x0000028061a3f8f0 JavaThread "Daemon health stats" [_thread_blocked, id=4948, stack(0x000000fc4dd00000,0x000000fc4de00000)]
  0x00000280621d8300 JavaThread "Incoming local TCP Connector on port 13242" [_thread_in_native, id=2028, stack(0x000000fc4d800000,0x000000fc4d900000)]
  0x0000028062dab040 JavaThread "Daemon periodic checks" [_thread_blocked, id=10872, stack(0x000000fc4de00000,0x000000fc4df00000)]
  0x0000028061766140 JavaThread "Cache worker for journal cache (C:\Users\USER\.gradle\caches\journal-1)" [_thread_blocked, id=11308, stack(0x000000fc4e700000,0x000000fc4e800000)]
  0x00000280617652d0 JavaThread "File lock request listener" [_thread_in_native, id=6068, stack(0x000000fc4e800000,0x000000fc4e900000)]
  0x0000028061766610 JavaThread "Cache worker for file hash cache (C:\Users\USER\.gradle\caches\7.4\fileHashes)" [_thread_blocked, id=7100, stack(0x000000fc4ed00000,0x000000fc4ee00000)]
  0x0000028061765c70 JavaThread "File watcher server" daemon [_thread_blocked, id=13052, stack(0x000000fc4ee00000,0x000000fc4ef00000)]
  0x0000028061764e00 JavaThread "File watcher consumer" daemon [_thread_blocked, id=7832, stack(0x000000fc4ef00000,0x000000fc4f000000)]
  0x0000028063624560 JavaThread "Cache worker for execution history cache (C:\Users\USER\.gradle\caches\7.4\executionHistory)" [_thread_blocked, id=4996, stack(0x000000fc4f400000,0x000000fc4f500000)]
  0x0000028063623bc0 JavaThread "jar transforms" [_thread_blocked, id=6752, stack(0x000000fc4f500000,0x000000fc4f600000)]
  0x0000028063622d50 JavaThread "jar transforms Thread 2" [_thread_blocked, id=10108, stack(0x000000fc4f600000,0x000000fc4f700000)]
  0x00000280636236f0 JavaThread "Cache worker for file content cache (C:\Users\USER\.gradle\caches\7.4\fileContent)" [_thread_blocked, id=8556, stack(0x000000fc4df00000,0x000000fc4e000000)]
  0x0000028063621070 JavaThread "jar transforms Thread 3" [_thread_blocked, id=11836, stack(0x000000fc4f700000,0x000000fc4f800000)]
  0x0000028063621540 JavaThread "jar transforms Thread 4" [_thread_blocked, id=15356, stack(0x000000fc4f800000,0x000000fc4f900000)]
  0x0000028063621a10 JavaThread "jar transforms Thread 5" [_thread_blocked, id=10884, stack(0x000000fc4fa00000,0x000000fc4fb00000)]
  0x0000028063628a40 JavaThread "jar transforms Thread 6" [_thread_blocked, id=13576, stack(0x000000fc54c00000,0x000000fc54d00000)]
  0x0000028063627bd0 JavaThread "jar transforms Thread 7" [_thread_blocked, id=15084, stack(0x000000fc54d00000,0x000000fc54e00000)]
  0x0000028063625550 JavaThread "jar transforms Thread 8" [_thread_blocked, id=9372, stack(0x000000fc54e00000,0x000000fc54f00000)]
  0x0000028063628f10 JavaThread "Memory manager" [_thread_blocked, id=14444, stack(0x000000fc54f00000,0x000000fc55000000)]
  0x000002806362a720 JavaThread "Daemon Thread 2" [_thread_blocked, id=3584, stack(0x000000fc4c200000,0x000000fc4c300000)]
  0x00000280636280a0 JavaThread "Handler for socket connection from /127.0.0.1:13242 to /127.0.0.1:13434" [_thread_in_native, id=6020, stack(0x000000fc4c300000,0x000000fc4c400000)]
  0x000002806362b590 JavaThread "Cancel handler" [_thread_blocked, id=9740, stack(0x000000fc4c400000,0x000000fc4c500000)]
  0x0000028063626d60 JavaThread "Daemon worker Thread 2" [_thread_blocked, id=2372, stack(0x000000fc4e000000,0x000000fc4e100000)]
  0x0000028063624bb0 JavaThread "Asynchronous log dispatcher for DefaultDaemonConnection: socket connection from /127.0.0.1:13242 to /127.0.0.1:13434" [_thread_blocked, id=5300, stack(0x000000fc4e300000,0x000000fc4e400000)]
  0x0000028063625080 JavaThread "Stdin handler" [_thread_blocked, id=5828, stack(0x000000fc4e400000,0x000000fc4e500000)]
  0x00000280636293e0 JavaThread "Daemon client event forwarder" [_thread_blocked, id=9732, stack(0x000000fc4e500000,0x000000fc4e600000)]
  0x0000028063627230 JavaThread "Cache worker for checksums cache (C:\Users\USER\AndroidStudioProjects\CardioCare\.gradle\7.4\checksums)" [_thread_blocked, id=9452, stack(0x000000fc4f000000,0x000000fc4f100000)]
  0x0000028063629d80 JavaThread "Cache worker for cache directory md-rule (C:\Users\USER\.gradle\caches\7.4\md-rule)" [_thread_blocked, id=11508, stack(0x000000fc4f100000,0x000000fc4f200000)]
  0x000002806362a250 JavaThread "Cache worker for file hash cache (C:\Users\USER\AndroidStudioProjects\CardioCare\.gradle\7.4\fileHashes)" [_thread_blocked, id=5508, stack(0x000000fc4f200000,0x000000fc4f300000)]
  0x000002806362ba60 JavaThread "Cache worker for cache directory md-supplier (C:\Users\USER\.gradle\caches\7.4\md-supplier)" [_thread_blocked, id=12684, stack(0x000000fc4f300000,0x000000fc4f400000)]
  0x000002806362bf30 JavaThread "Cache worker for dependencies-accessors (C:\Users\USER\AndroidStudioProjects\CardioCare\.gradle\7.4\dependencies-accessors)" [_thread_blocked, id=14228, stack(0x000000fc4f900000,0x000000fc4fa00000)]
  0x0000028063625a20 JavaThread "Cache worker for Build Output Cleanup Cache (C:\Users\USER\AndroidStudioProjects\CardioCare\.gradle\buildOutputCleanup)" [_thread_blocked, id=8616, stack(0x000000fc4fb00000,0x000000fc4fc00000)]
  0x00000280636263c0 JavaThread "Unconstrained build operations" [_thread_blocked, id=1188, stack(0x000000fc4fc00000,0x000000fc4fd00000)]
  0x00000280617657a0 JavaThread "Unconstrained build operations Thread 2" [_thread_blocked, id=3504, stack(0x000000fc4fd00000,0x000000fc4fe00000)]
  0x0000028061766ae0 JavaThread "Unconstrained build operations Thread 3" [_thread_blocked, id=13484, stack(0x000000fc4fe00000,0x000000fc4ff00000)]
  0x0000028061766fb0 JavaThread "Unconstrained build operations Thread 4" [_thread_blocked, id=7956, stack(0x000000fc4ff00000,0x000000fc50000000)]
  0x0000028061767480 JavaThread "Unconstrained build operations Thread 5" [_thread_blocked, id=2248, stack(0x000000fc50000000,0x000000fc50100000)]
  0x0000028061763ac0 JavaThread "Unconstrained build operations Thread 6" [_thread_blocked, id=3096, stack(0x000000fc50100000,0x000000fc50200000)]
  0x0000028061763f90 JavaThread "Unconstrained build operations Thread 7" [_thread_blocked, id=12564, stack(0x000000fc50200000,0x000000fc50300000)]
  0x0000028061764460 JavaThread "Unconstrained build operations Thread 8" [_thread_blocked, id=8384, stack(0x000000fc50300000,0x000000fc50400000)]
  0x0000028063621ee0 JavaThread "Unconstrained build operations Thread 9" [_thread_blocked, id=8844, stack(0x000000fc50400000,0x000000fc50500000)]
  0x0000028063623220 JavaThread "Unconstrained build operations Thread 10" [_thread_blocked, id=15320, stack(0x000000fc50500000,0x000000fc50600000)]
  0x0000028063b246e0 JavaThread "Unconstrained build operations Thread 11" [_thread_blocked, id=2456, stack(0x000000fc50600000,0x000000fc50700000)]
  0x0000028063b1dd00 JavaThread "Unconstrained build operations Thread 12" [_thread_blocked, id=11100, stack(0x000000fc50700000,0x000000fc50800000)]
  0x0000028063b22ed0 JavaThread "Unconstrained build operations Thread 13" [_thread_blocked, id=9536, stack(0x000000fc50800000,0x000000fc50900000)]
  0x0000028063b20850 JavaThread "Unconstrained build operations Thread 14" [_thread_blocked, id=4032, stack(0x000000fc50900000,0x000000fc50a00000)]
  0x0000028063b20d20 JavaThread "Unconstrained build operations Thread 15" [_thread_blocked, id=6364, stack(0x000000fc50a00000,0x000000fc50b00000)]
  0x0000028063b1f510 JavaThread "Unconstrained build operations Thread 16" [_thread_blocked, id=13316, stack(0x000000fc50b00000,0x000000fc50c00000)]
  0x0000028063b1e1d0 JavaThread "Unconstrained build operations Thread 17" [_thread_blocked, id=10016, stack(0x000000fc50c00000,0x000000fc50d00000)]
  0x0000028063b1d360 JavaThread "Unconstrained build operations Thread 18" [_thread_blocked, id=4044, stack(0x000000fc50d00000,0x000000fc50e00000)]
  0x0000028063b1e6a0 JavaThread "Unconstrained build operations Thread 19" [_thread_blocked, id=9556, stack(0x000000fc50e00000,0x000000fc50f00000)]
  0x0000028063b1eb70 JavaThread "Unconstrained build operations Thread 20" [_thread_blocked, id=13568, stack(0x000000fc50f00000,0x000000fc51000000)]
  0x0000028063b1f040 JavaThread "Unconstrained build operations Thread 21" [_thread_blocked, id=13696, stack(0x000000fc51000000,0x000000fc51100000)]
  0x0000028063b211f0 JavaThread "Unconstrained build operations Thread 22" [_thread_blocked, id=11540, stack(0x000000fc51100000,0x000000fc51200000)]
  0x0000028063b216c0 JavaThread "Unconstrained build operations Thread 23" [_thread_blocked, id=14520, stack(0x000000fc51200000,0x000000fc51300000)]
  0x0000028063b21b90 JavaThread "Unconstrained build operations Thread 24" [_thread_blocked, id=5752, stack(0x000000fc51300000,0x000000fc51400000)]
  0x0000028063b1f9e0 JavaThread "Unconstrained build operations Thread 25" [_thread_blocked, id=10048, stack(0x000000fc51400000,0x000000fc51500000)]
  0x0000028063b22060 JavaThread "Unconstrained build operations Thread 26" [_thread_blocked, id=9468, stack(0x000000fc51500000,0x000000fc51600000)]
  0x0000028063b1feb0 JavaThread "Unconstrained build operations Thread 27" [_thread_blocked, id=7724, stack(0x000000fc51600000,0x000000fc51700000)]
  0x0000028063b22530 JavaThread "Unconstrained build operations Thread 28" [_thread_blocked, id=5912, stack(0x000000fc51700000,0x000000fc51800000)]
  0x0000028063b20380 JavaThread "Unconstrained build operations Thread 29" [_thread_blocked, id=10172, stack(0x000000fc51800000,0x000000fc51900000)]
  0x0000028063b22a00 JavaThread "Unconstrained build operations Thread 30" [_thread_blocked, id=2720, stack(0x000000fc51900000,0x000000fc51a00000)]
  0x0000028063b233a0 JavaThread "Unconstrained build operations Thread 31" [_thread_blocked, id=7600, stack(0x000000fc51a00000,0x000000fc51b00000)]
  0x0000028063b23870 JavaThread "Unconstrained build operations Thread 32" [_thread_blocked, id=14712, stack(0x000000fc51b00000,0x000000fc51c00000)]
  0x0000028063b1d830 JavaThread "Unconstrained build operations Thread 33" [_thread_blocked, id=9560, stack(0x000000fc51c00000,0x000000fc51d00000)]
  0x0000028063b24bb0 JavaThread "Unconstrained build operations Thread 34" [_thread_blocked, id=13104, stack(0x000000fc51d00000,0x000000fc51e00000)]
  0x0000028063b23d40 JavaThread "Unconstrained build operations Thread 35" [_thread_blocked, id=13100, stack(0x000000fc51e00000,0x000000fc51f00000)]
  0x0000028063b24210 JavaThread "Unconstrained build operations Thread 36" [_thread_blocked, id=6356, stack(0x000000fc51f00000,0x000000fc52000000)]
  0x000002806365a3c0 JavaThread "Unconstrained build operations Thread 37" [_thread_blocked, id=6284, stack(0x000000fc52000000,0x000000fc52100000)]
  0x00000280636573a0 JavaThread "Unconstrained build operations Thread 38" [_thread_blocked, id=2364, stack(0x000000fc52100000,0x000000fc52200000)]
  0x0000028063656530 JavaThread "Unconstrained build operations Thread 39" [_thread_blocked, id=320, stack(0x000000fc52200000,0x000000fc52300000)]
  0x0000028063657d40 JavaThread "Unconstrained build operations Thread 40" [_thread_blocked, id=11272, stack(0x000000fc52300000,0x000000fc52400000)]
  0x0000028063658bb0 JavaThread "Unconstrained build operations Thread 41" [_thread_blocked, id=12528, stack(0x000000fc52400000,0x000000fc52500000)]
  0x0000028063659080 JavaThread "Unconstrained build operations Thread 42" [_thread_blocked, id=11692, stack(0x000000fc52500000,0x000000fc52600000)]
  0x0000028063659a20 JavaThread "Unconstrained build operations Thread 43" [_thread_blocked, id=3360, stack(0x000000fc52600000,0x000000fc52700000)]
  0x0000028063657870 JavaThread "Unconstrained build operations Thread 44" [_thread_blocked, id=11512, stack(0x000000fc52700000,0x000000fc52800000)]
  0x0000028063659550 JavaThread "Unconstrained build operations Thread 45" [_thread_blocked, id=7344, stack(0x000000fc52800000,0x000000fc52900000)]
  0x000002806365c570 JavaThread "Unconstrained build operations Thread 46" [_thread_blocked, id=11080, stack(0x000000fc52900000,0x000000fc52a00000)]
  0x000002806365a890 JavaThread "Unconstrained build operations Thread 47" [_thread_blocked, id=14264, stack(0x000000fc52a00000,0x000000fc52b00000)]
  0x0000028063659ef0 JavaThread "Unconstrained build operations Thread 48" [_thread_blocked, id=14744, stack(0x000000fc52b00000,0x000000fc52c00000)]
  0x000002806365ad60 JavaThread "Unconstrained build operations Thread 49" [_thread_blocked, id=304, stack(0x000000fc52c00000,0x000000fc52d00000)]
  0x0000028063656ed0 JavaThread "Unconstrained build operations Thread 50" [_thread_blocked, id=13084, stack(0x000000fc52d00000,0x000000fc52e00000)]
  0x000002806365b230 JavaThread "Unconstrained build operations Thread 51" [_thread_blocked, id=6764, stack(0x000000fc52e00000,0x000000fc52f00000)]
  0x0000028063658210 JavaThread "Unconstrained build operations Thread 52" [_thread_blocked, id=10980, stack(0x000000fc52f00000,0x000000fc53000000)]
  0x000002806365b700 JavaThread "Unconstrained build operations Thread 53" [_thread_blocked, id=4052, stack(0x000000fc53000000,0x000000fc53100000)]
  0x000002806365c0a0 JavaThread "Unconstrained build operations Thread 54" [_thread_blocked, id=9020, stack(0x000000fc53100000,0x000000fc53200000)]
  0x00000280636586e0 JavaThread "Unconstrained build operations Thread 55" [_thread_blocked, id=2872, stack(0x000000fc53200000,0x000000fc53300000)]
  0x000002806365d3e0 JavaThread "Unconstrained build operations Thread 56" [_thread_blocked, id=7340, stack(0x000000fc53300000,0x000000fc53400000)]
  0x0000028063656060 JavaThread "Unconstrained build operations Thread 57" [_thread_blocked, id=7532, stack(0x000000fc53400000,0x000000fc53500000)]
  0x000002806365ca40 JavaThread "Unconstrained build operations Thread 58" [_thread_blocked, id=9928, stack(0x000000fc53500000,0x000000fc53600000)]
  0x000002806365bbd0 JavaThread "Unconstrained build operations Thread 59" [_thread_blocked, id=12112, stack(0x000000fc53600000,0x000000fc53700000)]
  0x000002806365cf10 JavaThread "Unconstrained build operations Thread 60" [_thread_blocked, id=4384, stack(0x000000fc53700000,0x000000fc53800000)]
  0x000002806365d8b0 JavaThread "Unconstrained build operations Thread 61" [_thread_blocked, id=12932, stack(0x000000fc53800000,0x000000fc53900000)]
  0x0000028063656a00 JavaThread "Unconstrained build operations Thread 62" [_thread_blocked, id=12604, stack(0x000000fc53900000,0x000000fc53a00000)]
  0x0000028060be0890 JavaThread "Unconstrained build operations Thread 63" [_thread_blocked, id=1156, stack(0x000000fc53a00000,0x000000fc53b00000)]
  0x0000028060be1230 JavaThread "Unconstrained build operations Thread 64" [_thread_blocked, id=11788, stack(0x000000fc53b00000,0x000000fc53c00000)]
  0x0000028060bdad20 JavaThread "Unconstrained build operations Thread 65" [_thread_blocked, id=13248, stack(0x000000fc53c00000,0x000000fc53d00000)]
  0x0000028060bdb6c0 JavaThread "Unconstrained build operations Thread 66" [_thread_blocked, id=13236, stack(0x000000fc53d00000,0x000000fc53e00000)]
  0x0000028060bdc530 JavaThread "Unconstrained build operations Thread 67" [_thread_blocked, id=2600, stack(0x000000fc53e00000,0x000000fc53f00000)]
  0x0000028060bdca00 JavaThread "Unconstrained build operations Thread 68" [_thread_blocked, id=10104, stack(0x000000fc53f00000,0x000000fc54000000)]
  0x0000028060bdb1f0 JavaThread "Unconstrained build operations Thread 69" [_thread_blocked, id=7656, stack(0x000000fc54000000,0x000000fc54100000)]
  0x0000028060bddd40 JavaThread "Unconstrained build operations Thread 70" [_thread_blocked, id=8492, stack(0x000000fc54100000,0x000000fc54200000)]
  0x0000028060be03c0 JavaThread "Unconstrained build operations Thread 71" [_thread_blocked, id=6848, stack(0x000000fc54200000,0x000000fc54300000)]
  0x0000028060bdf080 JavaThread "Unconstrained build operations Thread 72" [_thread_blocked, id=6456, stack(0x000000fc54300000,0x000000fc54400000)]
  0x0000028060bdbb90 JavaThread "Unconstrained build operations Thread 73" [_thread_blocked, id=2124, stack(0x000000fc54400000,0x000000fc54500000)]
  0x0000028060bd99e0 JavaThread "Unconstrained build operations Thread 74" [_thread_blocked, id=13588, stack(0x000000fc54500000,0x000000fc54600000)]
  0x0000028060bdf550 JavaThread "Unconstrained build operations Thread 75" [_thread_blocked, id=10772, stack(0x000000fc54600000,0x000000fc54700000)]
  0x0000028060bde210 JavaThread "Unconstrained build operations Thread 76" [_thread_blocked, id=2208, stack(0x000000fc54700000,0x000000fc54800000)]
  0x0000028060bdd3a0 JavaThread "Unconstrained build operations Thread 77" [_thread_blocked, id=10276, stack(0x000000fc54800000,0x000000fc54900000)]
  0x0000028060be0d60 JavaThread "Unconstrained build operations Thread 78" [_thread_blocked, id=15136, stack(0x000000fc54900000,0x000000fc54a00000)]
  0x0000028060bda850 JavaThread "Unconstrained build operations Thread 79" [_thread_blocked, id=1168, stack(0x000000fc54a00000,0x000000fc54b00000)]
  0x0000028060bdced0 JavaThread "Unconstrained build operations Thread 80" [_thread_blocked, id=6952, stack(0x000000fc54b00000,0x000000fc54c00000)]
  0x0000028060bde6e0 JavaThread "build event listener" [_thread_blocked, id=1544, stack(0x000000fc55000000,0x000000fc55100000)]
  0x0000028060bdd870 JavaThread "included builds" [_thread_blocked, id=11352, stack(0x000000fc55100000,0x000000fc55200000)]
  0x0000028060bdc060 JavaThread "Execution worker for ':'" [_thread_blocked, id=3224, stack(0x000000fc55200000,0x000000fc55300000)]
  0x0000028060bd9eb0 JavaThread "Execution worker for ':' Thread 2" [_thread_blocked, id=11252, stack(0x000000fc55300000,0x000000fc55400000)]
  0x0000028060bdebb0 JavaThread "Execution worker for ':' Thread 3" [_thread_blocked, id=9292, stack(0x000000fc55400000,0x000000fc55500000)]
  0x0000028060bda380 JavaThread "Execution worker for ':' Thread 4" [_thread_blocked, id=11832, stack(0x000000fc55500000,0x000000fc55600000)]
  0x0000028060bdfa20 JavaThread "Execution worker for ':' Thread 5" [_thread_blocked, id=5980, stack(0x000000fc55600000,0x000000fc55700000)]
  0x00000280615d5ec0 JavaThread "Execution worker for ':' Thread 6" [_thread_blocked, id=4008, stack(0x000000fc55700000,0x000000fc55800000)]
  0x00000280615d4b80 JavaThread "Execution worker for ':' Thread 7" [_thread_blocked, id=11248, stack(0x000000fc55800000,0x000000fc55900000)]
  0x00000280615d6390 JavaThread "Cache worker for execution history cache (C:\Users\USER\AndroidStudioProjects\CardioCare\.gradle\7.4\executionHistory)" [_thread_blocked, id=3368, stack(0x000000fc55900000,0x000000fc55a00000)]
  0x00000280615d6860 JavaThread "WorkerExecutor Queue" [_thread_blocked, id=13448, stack(0x000000fc55f00000,0x000000fc56000000)]
  0x00000280615d0820 JavaThread "WorkerExecutor Queue Thread 2" [_thread_blocked, id=5196, stack(0x000000fc56100000,0x000000fc56200000)]
  0x00000280615d41e0 JavaThread "WorkerExecutor Queue Thread 3" [_thread_blocked, id=1180, stack(0x000000fc56200000,0x000000fc56300000)]
  0x00000280615d46b0 JavaThread "pool-4-thread-1" [_thread_blocked, id=7812, stack(0x000000fc56300000,0x000000fc56400000)]
  0x00000280615d2030 JavaThread "stderr" [_thread_in_native, id=15284, stack(0x000000fc56400000,0x000000fc56500000)]
  0x00000280615d59f0 JavaThread "stdout" [_thread_in_native, id=10484, stack(0x000000fc56500000,0x000000fc56600000)]
  0x00000280660cafc0 JavaThread "C2 CompilerThread1" daemon [_thread_blocked, id=288, stack(0x000000fc4e600000,0x000000fc4e700000)]

Other Threads:
=>0x000002805fd06c40 VMThread "VM Thread" [stack: 0x000000fc4cb00000,0x000000fc4cc00000] [id=14300]
  0x00000280609e9500 WatcherThread [stack: 0x000000fc4d700000,0x000000fc4d800000] [id=12644]
  0x0000028045f03ae0 GCTaskThread "GC Thread#0" [stack: 0x000000fc4c600000,0x000000fc4c700000] [id=13692]
  0x000002806190d5d0 GCTaskThread "GC Thread#1" [stack: 0x000000fc4d900000,0x000000fc4da00000] [id=12744]
  0x0000028061c9d620 GCTaskThread "GC Thread#2" [stack: 0x000000fc4da00000,0x000000fc4db00000] [id=4240]
  0x0000028061c87d40 GCTaskThread "GC Thread#3" [stack: 0x000000fc4db00000,0x000000fc4dc00000] [id=10624]
  0x0000028060c686f0 GCTaskThread "GC Thread#4" [stack: 0x000000fc4dc00000,0x000000fc4dd00000] [id=10584]
  0x000002806399b720 GCTaskThread "GC Thread#5" [stack: 0x000000fc4e900000,0x000000fc4ea00000] [id=6964]
  0x0000028062d627f0 GCTaskThread "GC Thread#6" [stack: 0x000000fc4ea00000,0x000000fc4eb00000] [id=2908]
  0x0000028062d62aa0 GCTaskThread "GC Thread#7" [stack: 0x000000fc4eb00000,0x000000fc4ec00000] [id=13468]
  0x0000028045f158d0 ConcurrentGCThread "G1 Main Marker" [stack: 0x000000fc4c700000,0x000000fc4c800000] [id=12892]
  0x0000028045f16180 ConcurrentGCThread "G1 Conc#0" [stack: 0x000000fc4c800000,0x000000fc4c900000] [id=13716]
  0x000002806224d3b0 ConcurrentGCThread "G1 Conc#1" [stack: 0x000000fc4ec00000,0x000000fc4ed00000] [id=6256]
  0x0000028045f6db60 ConcurrentGCThread "G1 Refine#0" [stack: 0x000000fc4c900000,0x000000fc4ca00000] [id=5708]
  0x00000280660e84d0 ConcurrentGCThread "G1 Refine#1" [stack: 0x000000fc55a00000,0x000000fc55b00000] [id=11120]
  0x00000280660e6530 ConcurrentGCThread "G1 Refine#2" [stack: 0x000000fc55b00000,0x000000fc55c00000] [id=12716]
  0x00000280660e6810 ConcurrentGCThread "G1 Refine#3" [stack: 0x000000fc55c00000,0x000000fc55d00000] [id=3508]
  0x00000280660e9330 ConcurrentGCThread "G1 Refine#4" [stack: 0x000000fc55d00000,0x000000fc55e00000] [id=13976]
  0x00000280660e87b0 ConcurrentGCThread "G1 Refine#5" [stack: 0x000000fc55e00000,0x000000fc55f00000] [id=4076]
  0x0000028045f6e030 ConcurrentGCThread "G1 Service" [stack: 0x000000fc4ca00000,0x000000fc4cb00000] [id=4004]

Threads with active compile tasks:
C2 CompilerThread0   125153 14112       4       com.google.common.base.CharMatcher::indexIn (48 bytes)
C2 CompilerThread1   125153 14100       4       java.lang.Integer::parseInt (7 bytes)

VM state: at safepoint (normal execution)

VM Mutex/Monitor currently owned by a thread:  ([mutex/lock_event])
[0x0000028045eaa920] Threads_lock - owner thread: 0x000002805fd06c40
[0x0000028045eaa140] Heap_lock - owner thread: 0x00000280615d6860

Heap address: 0x0000000080000000, size: 2048 MB, Compressed Oops mode: 32-bit

CDS archive(s) not mapped
Compressed class space mapped at: 0x0000000100000000-0x0000000140000000, reserved size: 1073741824
Narrow klass base: 0x0000000000000000, Narrow klass shift: 3, Narrow klass range: 0x140000000

GC Precious Log:
 CPUs: 8 total, 8 available
 Memory: 7886M
 Large Page Support: Disabled
 NUMA Support: Disabled
 Compressed Oops: Enabled (32-bit)
 Heap Region Size: 1M
 Heap Min Capacity: 8M
 Heap Initial Capacity: 124M
 Heap Max Capacity: 2G
 Pre-touch: Disabled
 Parallel Workers: 8
 Concurrent Workers: 2
 Concurrent Refinement Workers: 8
 Periodic GC: Disabled

Heap:
 garbage-first heap   total 247808K, used 144787K [0x0000000080000000, 0x0000000100000000)
  region size 1024K, 8 young (8192K), 8 survivors (8192K)
 Metaspace       used 99503K, committed 100224K, reserved 1138688K
  class space    used 13305K, committed 13632K, reserved 1048576K

Heap Regions: E=young(eden), S=young(survivor), O=old, HS=humongous(starts), HC=humongous(continues), CS=collection set, F=free, OA=open archive, CA=closed archive, TAMS=top-at-mark-start (previous, next)
|   0|0x0000000080000000, 0x0000000080100000, 0x0000000080100000|100%| O|  |TAMS 0x0000000080100000, 0x0000000080100000| Untracked 
|   1|0x0000000080100000, 0x0000000080200000, 0x0000000080200000|100%| O|  |TAMS 0x0000000080200000, 0x0000000080200000| Untracked 
|   2|0x0000000080200000, 0x0000000080300000, 0x0000000080300000|100%| O|  |TAMS 0x0000000080300000, 0x0000000080300000| Untracked 
|   3|0x0000000080300000, 0x0000000080400000, 0x0000000080400000|100%|HS|  |TAMS 0x0000000080400000, 0x0000000080400000| Complete 
|   4|0x0000000080400000, 0x0000000080500000, 0x0000000080500000|100%|HC|  |TAMS 0x0000000080500000, 0x0000000080500000| Complete 
|   5|0x0000000080500000, 0x0000000080600000, 0x0000000080600000|100%|HC|  |TAMS 0x0000000080600000, 0x0000000080600000| Complete 
|   6|0x0000000080600000, 0x0000000080700000, 0x0000000080700000|100%| O|  |TAMS 0x0000000080700000, 0x0000000080700000| Untracked 
|   7|0x0000000080700000, 0x0000000080800000, 0x0000000080800000|100%| O|  |TAMS 0x0000000080800000, 0x0000000080800000| Untracked 
|   8|0x0000000080800000, 0x0000000080900000, 0x0000000080900000|100%| O|  |TAMS 0x0000000080900000, 0x0000000080900000| Untracked 
|   9|0x0000000080900000, 0x0000000080a00000, 0x0000000080a00000|100%| O|  |TAMS 0x0000000080a00000, 0x0000000080a00000| Untracked 
|  10|0x0000000080a00000, 0x0000000080b00000, 0x0000000080b00000|100%| O|  |TAMS 0x0000000080b00000, 0x0000000080b00000| Untracked 
|  11|0x0000000080b00000, 0x0000000080c00000, 0x0000000080c00000|100%| O|  |TAMS 0x0000000080c00000, 0x0000000080c00000| Untracked 
|  12|0x0000000080c00000, 0x0000000080d00000, 0x0000000080d00000|100%| O|  |TAMS 0x0000000080d00000, 0x0000000080d00000| Untracked 
|  13|0x0000000080d00000, 0x0000000080e00000, 0x0000000080e00000|100%| O|  |TAMS 0x0000000080e00000, 0x0000000080e00000| Untracked 
|  14|0x0000000080e00000, 0x0000000080f00000, 0x0000000080f00000|100%| O|  |TAMS 0x0000000080f00000, 0x0000000080f00000| Untracked 
|  15|0x0000000080f00000, 0x0000000081000000, 0x0000000081000000|100%| O|  |TAMS 0x0000000081000000, 0x0000000081000000| Untracked 
|  16|0x0000000081000000, 0x0000000081100000, 0x0000000081100000|100%| O|  |TAMS 0x0000000081100000, 0x0000000081100000| Untracked 
|  17|0x0000000081100000, 0x0000000081200000, 0x0000000081200000|100%| O|  |TAMS 0x0000000081200000, 0x0000000081200000| Untracked 
|  18|0x0000000081200000, 0x0000000081300000, 0x0000000081300000|100%| O|  |TAMS 0x0000000081300000, 0x0000000081300000| Untracked 
|  19|0x0000000081300000, 0x0000000081400000, 0x0000000081400000|100%| O|  |TAMS 0x0000000081400000, 0x0000000081400000| Untracked 
|  20|0x0000000081400000, 0x0000000081500000, 0x0000000081500000|100%| O|  |TAMS 0x0000000081500000, 0x0000000081500000| Untracked 
|  21|0x0000000081500000, 0x0000000081600000, 0x0000000081600000|100%| O|  |TAMS 0x0000000081600000, 0x0000000081600000| Untracked 
|  22|0x0000000081600000, 0x0000000081700000, 0x0000000081700000|100%| O|  |TAMS 0x0000000081700000, 0x0000000081700000| Untracked 
|  23|0x0000000081700000, 0x0000000081800000, 0x0000000081800000|100%| O|  |TAMS 0x0000000081800000, 0x0000000081800000| Untracked 
|  24|0x0000000081800000, 0x0000000081900000, 0x0000000081900000|100%| O|  |TAMS 0x0000000081900000, 0x0000000081900000| Untracked 
|  25|0x0000000081900000, 0x0000000081a00000, 0x0000000081a00000|100%| O|  |TAMS 0x0000000081a00000, 0x0000000081a00000| Untracked 
|  26|0x0000000081a00000, 0x0000000081b00000, 0x0000000081b00000|100%| O|  |TAMS 0x0000000081b00000, 0x0000000081b00000| Untracked 
|  27|0x0000000081b00000, 0x0000000081c00000, 0x0000000081c00000|100%| O|  |TAMS 0x0000000081c00000, 0x0000000081c00000| Untracked 
|  28|0x0000000081c00000, 0x0000000081d00000, 0x0000000081d00000|100%|HS|  |TAMS 0x0000000081d00000, 0x0000000081d00000| Complete 
|  29|0x0000000081d00000, 0x0000000081e00000, 0x0000000081e00000|100%| O|  |TAMS 0x0000000081e00000, 0x0000000081e00000| Untracked 
|  30|0x0000000081e00000, 0x0000000081f00000, 0x0000000081f00000|100%| O|  |TAMS 0x0000000081f00000, 0x0000000081f00000| Untracked 
|  31|0x0000000081f00000, 0x0000000082000000, 0x0000000082000000|100%|HS|  |TAMS 0x0000000082000000, 0x0000000082000000| Complete 
|  32|0x0000000082000000, 0x0000000082100000, 0x0000000082100000|100%| O|  |TAMS 0x0000000082100000, 0x0000000082100000| Untracked 
|  33|0x0000000082100000, 0x0000000082200000, 0x0000000082200000|100%|HS|  |TAMS 0x0000000082200000, 0x0000000082200000| Complete 
|  34|0x0000000082200000, 0x0000000082300000, 0x0000000082300000|100%|HC|  |TAMS 0x0000000082300000, 0x0000000082300000| Complete 
|  35|0x0000000082300000, 0x0000000082400000, 0x0000000082400000|100%| O|  |TAMS 0x0000000082400000, 0x0000000082400000| Untracked 
|  36|0x0000000082400000, 0x0000000082500000, 0x0000000082500000|100%| O|  |TAMS 0x0000000082500000, 0x0000000082500000| Untracked 
|  37|0x0000000082500000, 0x0000000082600000, 0x0000000082600000|100%| O|  |TAMS 0x0000000082600000, 0x0000000082600000| Untracked 
|  38|0x0000000082600000, 0x0000000082700000, 0x0000000082700000|100%| O|  |TAMS 0x0000000082700000, 0x0000000082700000| Untracked 
|  39|0x0000000082700000, 0x0000000082800000, 0x0000000082800000|100%| O|  |TAMS 0x0000000082800000, 0x0000000082800000| Untracked 
|  40|0x0000000082800000, 0x0000000082900000, 0x0000000082900000|100%| O|  |TAMS 0x0000000082900000, 0x0000000082900000| Untracked 
|  41|0x0000000082900000, 0x0000000082a00000, 0x0000000082a00000|100%| O|  |TAMS 0x0000000082a00000, 0x0000000082a00000| Untracked 
|  42|0x0000000082a00000, 0x0000000082b00000, 0x0000000082b00000|100%| O|  |TAMS 0x0000000082b00000, 0x0000000082b00000| Untracked 
|  43|0x0000000082b00000, 0x0000000082c00000, 0x0000000082c00000|100%| O|  |TAMS 0x0000000082c00000, 0x0000000082c00000| Untracked 
|  44|0x0000000082c00000, 0x0000000082d00000, 0x0000000082d00000|100%| O|  |TAMS 0x0000000082d00000, 0x0000000082d00000| Untracked 
|  45|0x0000000082d00000, 0x0000000082e00000, 0x0000000082e00000|100%| O|  |TAMS 0x0000000082e00000, 0x0000000082e00000| Untracked 
|  46|0x0000000082e00000, 0x0000000082f00000, 0x0000000082f00000|100%| O|  |TAMS 0x0000000082f00000, 0x0000000082f00000| Untracked 
|  47|0x0000000082f00000, 0x0000000083000000, 0x0000000083000000|100%| O|  |TAMS 0x0000000083000000, 0x0000000083000000| Untracked 
|  48|0x0000000083000000, 0x0000000083100000, 0x0000000083100000|100%| O|  |TAMS 0x0000000083100000, 0x0000000083100000| Untracked 
|  49|0x0000000083100000, 0x0000000083200000, 0x0000000083200000|100%| O|  |TAMS 0x0000000083200000, 0x0000000083200000| Untracked 
|  50|0x0000000083200000, 0x0000000083300000, 0x0000000083300000|100%| O|  |TAMS 0x0000000083300000, 0x0000000083300000| Untracked 
|  51|0x0000000083300000, 0x0000000083400000, 0x0000000083400000|100%| O|  |TAMS 0x0000000083400000, 0x0000000083400000| Untracked 
|  52|0x0000000083400000, 0x0000000083500000, 0x0000000083500000|100%| O|  |TAMS 0x0000000083500000, 0x0000000083500000| Untracked 
|  53|0x0000000083500000, 0x0000000083600000, 0x0000000083600000|100%| O|  |TAMS 0x0000000083600000, 0x0000000083600000| Untracked 
|  54|0x0000000083600000, 0x0000000083700000, 0x0000000083700000|100%| O|  |TAMS 0x0000000083700000, 0x0000000083700000| Untracked 
|  55|0x0000000083700000, 0x0000000083800000, 0x0000000083800000|100%| O|  |TAMS 0x0000000083800000, 0x0000000083800000| Untracked 
|  56|0x0000000083800000, 0x0000000083900000, 0x0000000083900000|100%| O|  |TAMS 0x0000000083900000, 0x0000000083900000| Untracked 
|  57|0x0000000083900000, 0x0000000083a00000, 0x0000000083a00000|100%| O|  |TAMS 0x0000000083a00000, 0x0000000083a00000| Untracked 
|  58|0x0000000083a00000, 0x0000000083b00000, 0x0000000083b00000|100%| O|  |TAMS 0x0000000083b00000, 0x0000000083b00000| Untracked 
|  59|0x0000000083b00000, 0x0000000083c00000, 0x0000000083c00000|100%| O|  |TAMS 0x0000000083c00000, 0x0000000083c00000| Untracked 
|  60|0x0000000083c00000, 0x0000000083d00000, 0x0000000083d00000|100%| O|  |TAMS 0x0000000083d00000, 0x0000000083d00000| Untracked 
|  61|0x0000000083d00000, 0x0000000083e00000, 0x0000000083e00000|100%| O|  |TAMS 0x0000000083e00000, 0x0000000083e00000| Untracked 
|  62|0x0000000083e00000, 0x0000000083f00000, 0x0000000083f00000|100%| O|  |TAMS 0x0000000083f00000, 0x0000000083f00000| Untracked 
|  63|0x0000000083f00000, 0x0000000084000000, 0x0000000084000000|100%| O|  |TAMS 0x0000000084000000, 0x0000000084000000| Untracked 
|  64|0x0000000084000000, 0x0000000084100000, 0x0000000084100000|100%| O|  |TAMS 0x0000000084100000, 0x0000000084100000| Untracked 
|  65|0x0000000084100000, 0x0000000084200000, 0x0000000084200000|100%| O|  |TAMS 0x0000000084200000, 0x0000000084200000| Untracked 
|  66|0x0000000084200000, 0x0000000084300000, 0x0000000084300000|100%| O|  |TAMS 0x0000000084300000, 0x0000000084300000| Untracked 
|  67|0x0000000084300000, 0x0000000084400000, 0x0000000084400000|100%| O|  |TAMS 0x0000000084400000, 0x0000000084400000| Untracked 
|  68|0x0000000084400000, 0x0000000084500000, 0x0000000084500000|100%| O|  |TAMS 0x0000000084500000, 0x0000000084500000| Untracked 
|  69|0x0000000084500000, 0x0000000084600000, 0x0000000084600000|100%| O|  |TAMS 0x0000000084600000, 0x0000000084600000| Untracked 
|  70|0x0000000084600000, 0x0000000084700000, 0x0000000084700000|100%| O|  |TAMS 0x0000000084700000, 0x0000000084700000| Untracked 
|  71|0x0000000084700000, 0x0000000084800000, 0x0000000084800000|100%| O|  |TAMS 0x0000000084800000, 0x0000000084800000| Untracked 
|  72|0x0000000084800000, 0x0000000084900000, 0x0000000084900000|100%| O|  |TAMS 0x0000000084900000, 0x0000000084900000| Untracked 
|  73|0x0000000084900000, 0x0000000084a00000, 0x0000000084a00000|100%| O|  |TAMS 0x0000000084a00000, 0x0000000084a00000| Untracked 
|  74|0x0000000084a00000, 0x0000000084b00000, 0x0000000084b00000|100%| O|  |TAMS 0x0000000084b00000, 0x0000000084b00000| Untracked 
|  75|0x0000000084b00000, 0x0000000084c00000, 0x0000000084c00000|100%| O|  |TAMS 0x0000000084c00000, 0x0000000084c00000| Untracked 
|  76|0x0000000084c00000, 0x0000000084d00000, 0x0000000084d00000|100%| O|  |TAMS 0x0000000084d00000, 0x0000000084d00000| Untracked 
|  77|0x0000000084d00000, 0x0000000084e00000, 0x0000000084e00000|100%| O|  |TAMS 0x0000000084e00000, 0x0000000084e00000| Untracked 
|  78|0x0000000084e00000, 0x0000000084f00000, 0x0000000084f00000|100%| O|  |TAMS 0x0000000084e00000, 0x0000000084e00000| Untracked 
|  79|0x0000000084f00000, 0x0000000085000000, 0x0000000085000000|100%| O|  |TAMS 0x0000000085000000, 0x0000000085000000| Untracked 
|  80|0x0000000085000000, 0x0000000085100000, 0x0000000085100000|100%| O|  |TAMS 0x0000000085100000, 0x0000000085100000| Untracked 
|  81|0x0000000085100000, 0x0000000085200000, 0x0000000085200000|100%| O|  |TAMS 0x0000000085200000, 0x0000000085200000| Untracked 
|  82|0x0000000085200000, 0x0000000085300000, 0x0000000085300000|100%| O|  |TAMS 0x0000000085300000, 0x0000000085300000| Untracked 
|  83|0x0000000085300000, 0x0000000085400000, 0x0000000085400000|100%| O|  |TAMS 0x0000000085400000, 0x0000000085400000| Untracked 
|  84|0x0000000085400000, 0x0000000085500000, 0x0000000085500000|100%| O|  |TAMS 0x0000000085500000, 0x0000000085500000| Untracked 
|  85|0x0000000085500000, 0x0000000085600000, 0x0000000085600000|100%| O|  |TAMS 0x0000000085600000, 0x0000000085600000| Untracked 
|  86|0x0000000085600000, 0x0000000085700000, 0x0000000085700000|100%| O|  |TAMS 0x0000000085700000, 0x0000000085700000| Untracked 
|  87|0x0000000085700000, 0x0000000085800000, 0x0000000085800000|100%| O|  |TAMS 0x0000000085800000, 0x0000000085800000| Untracked 
|  88|0x0000000085800000, 0x0000000085900000, 0x0000000085900000|100%| O|  |TAMS 0x0000000085900000, 0x0000000085900000| Untracked 
|  89|0x0000000085900000, 0x0000000085a00000, 0x0000000085a00000|100%| O|  |TAMS 0x0000000085a00000, 0x0000000085a00000| Untracked 
|  90|0x0000000085a00000, 0x0000000085b00000, 0x0000000085b00000|100%| O|  |TAMS 0x0000000085ae2200, 0x0000000085b00000| Untracked 
|  91|0x0000000085b00000, 0x0000000085c00000, 0x0000000085c00000|100%| O|  |TAMS 0x0000000085b00000, 0x0000000085c00000| Untracked 
|  92|0x0000000085c00000, 0x0000000085d00000, 0x0000000085d00000|100%| O|  |TAMS 0x0000000085c00000, 0x0000000085d00000| Untracked 
|  93|0x0000000085d00000, 0x0000000085e00000, 0x0000000085e00000|100%| O|  |TAMS 0x0000000085d00000, 0x0000000085e00000| Untracked 
|  94|0x0000000085e00000, 0x0000000085f00000, 0x0000000085f00000|100%| O|  |TAMS 0x0000000085e00000, 0x0000000085f00000| Untracked 
|  95|0x0000000085f00000, 0x0000000086000000, 0x0000000086000000|100%| O|  |TAMS 0x0000000085f00000, 0x0000000085fab600| Untracked 
|  96|0x0000000086000000, 0x0000000086064e00, 0x0000000086100000| 39%| O|  |TAMS 0x0000000086000000, 0x0000000086000000| Untracked 
|  97|0x0000000086100000, 0x0000000086100000, 0x0000000086200000|  0%| F|  |TAMS 0x0000000086100000, 0x0000000086100000| Untracked 
|  98|0x0000000086200000, 0x0000000086200000, 0x0000000086300000|  0%| F|  |TAMS 0x0000000086200000, 0x0000000086200000| Untracked 
|  99|0x0000000086300000, 0x0000000086300000, 0x0000000086400000|  0%| F|  |TAMS 0x0000000086300000, 0x0000000086300000| Untracked 
| 100|0x0000000086400000, 0x0000000086400000, 0x0000000086500000|  0%| F|  |TAMS 0x0000000086400000, 0x0000000086400000| Untracked 
| 101|0x0000000086500000, 0x0000000086600000, 0x0000000086600000|100%| O|  |TAMS 0x0000000086500000, 0x0000000086600000| Untracked 
| 102|0x0000000086600000, 0x0000000086700000, 0x0000000086700000|100%| O|  |TAMS 0x0000000086600000, 0x0000000086700000| Untracked 
| 103|0x0000000086700000, 0x0000000086800000, 0x0000000086800000|100%| O|  |TAMS 0x0000000086700000, 0x0000000086800000| Untracked 
| 104|0x0000000086800000, 0x0000000086900000, 0x0000000086900000|100%| O|  |TAMS 0x0000000086800000, 0x0000000086900000| Untracked 
| 105|0x0000000086900000, 0x0000000086a00000, 0x0000000086a00000|100%| O|  |TAMS 0x0000000086900000, 0x0000000086a00000| Untracked 
| 106|0x0000000086a00000, 0x0000000086b00000, 0x0000000086b00000|100%| O|  |TAMS 0x0000000086a00000, 0x0000000086b00000| Untracked 
| 107|0x0000000086b00000, 0x0000000086c00000, 0x0000000086c00000|100%| O|  |TAMS 0x0000000086b00000, 0x0000000086c00000| Untracked 
| 108|0x0000000086c00000, 0x0000000086d00000, 0x0000000086d00000|100%| O|  |TAMS 0x0000000086c00000, 0x0000000086d00000| Untracked 
| 109|0x0000000086d00000, 0x0000000086e00000, 0x0000000086e00000|100%| O|  |TAMS 0x0000000086d00000, 0x0000000086e00000| Untracked 
| 110|0x0000000086e00000, 0x0000000086f00000, 0x0000000086f00000|100%| O|  |TAMS 0x0000000086e00000, 0x0000000086f00000| Untracked 
| 111|0x0000000086f00000, 0x0000000087000000, 0x0000000087000000|100%| O|  |TAMS 0x0000000086f00000, 0x0000000087000000| Untracked 
| 112|0x0000000087000000, 0x0000000087100000, 0x0000000087100000|100%| O|  |TAMS 0x0000000087000000, 0x0000000087100000| Untracked 
| 113|0x0000000087100000, 0x0000000087200000, 0x0000000087200000|100%| O|  |TAMS 0x0000000087100000, 0x0000000087200000| Untracked 
| 114|0x0000000087200000, 0x0000000087300000, 0x0000000087300000|100%| O|  |TAMS 0x0000000087200000, 0x0000000087300000| Untracked 
| 115|0x0000000087300000, 0x0000000087400000, 0x0000000087400000|100%| O|  |TAMS 0x0000000087300000, 0x0000000087400000| Untracked 
| 116|0x0000000087400000, 0x0000000087500000, 0x0000000087500000|100%| O|  |TAMS 0x0000000087400000, 0x0000000087500000| Untracked 
| 117|0x0000000087500000, 0x0000000087600000, 0x0000000087600000|100%| O|  |TAMS 0x0000000087500000, 0x0000000087600000| Untracked 
| 118|0x0000000087600000, 0x0000000087600000, 0x0000000087700000|  0%| F|  |TAMS 0x0000000087600000, 0x0000000087600000| Untracked 
| 119|0x0000000087700000, 0x0000000087700000, 0x0000000087800000|  0%| F|  |TAMS 0x0000000087700000, 0x0000000087700000| Untracked 
| 120|0x0000000087800000, 0x0000000087800000, 0x0000000087900000|  0%| F|  |TAMS 0x0000000087800000, 0x0000000087800000| Untracked 
| 121|0x0000000087900000, 0x0000000087900000, 0x0000000087a00000|  0%| F|  |TAMS 0x0000000087900000, 0x0000000087900000| Untracked 
| 122|0x0000000087a00000, 0x0000000087b00000, 0x0000000087b00000|100%| O|  |TAMS 0x0000000087a00000, 0x0000000087b00000| Untracked 
| 123|0x0000000087b00000, 0x0000000087c00000, 0x0000000087c00000|100%| O|  |TAMS 0x0000000087b00000, 0x0000000087c00000| Untracked 
| 124|0x0000000087c00000, 0x0000000087d00000, 0x0000000087d00000|100%| O|  |TAMS 0x0000000087c00000, 0x0000000087d00000| Untracked 
| 125|0x0000000087d00000, 0x0000000087e00000, 0x0000000087e00000|100%| O|  |TAMS 0x0000000087d00000, 0x0000000087e00000| Untracked 
| 126|0x0000000087e00000, 0x0000000087f00000, 0x0000000087f00000|100%| O|  |TAMS 0x0000000087e00000, 0x0000000087f00000| Untracked 
| 127|0x0000000087f00000, 0x0000000088000000, 0x0000000088000000|100%| O|  |TAMS 0x0000000087f00000, 0x0000000088000000| Untracked 
| 128|0x0000000088000000, 0x0000000088100000, 0x0000000088100000|100%| O|  |TAMS 0x0000000088000000, 0x0000000088100000| Untracked 
| 129|0x0000000088100000, 0x0000000088200000, 0x0000000088200000|100%| O|  |TAMS 0x0000000088100000, 0x0000000088200000| Untracked 
| 130|0x0000000088200000, 0x0000000088300000, 0x0000000088300000|100%| O|  |TAMS 0x0000000088200000, 0x0000000088300000| Untracked 
| 131|0x0000000088300000, 0x0000000088400000, 0x0000000088400000|100%| O|  |TAMS 0x0000000088300000, 0x0000000088400000| Untracked 
| 132|0x0000000088400000, 0x0000000088500000, 0x0000000088500000|100%| O|  |TAMS 0x0000000088400000, 0x0000000088500000| Untracked 
| 133|0x0000000088500000, 0x0000000088600000, 0x0000000088600000|100%| O|  |TAMS 0x0000000088500000, 0x0000000088600000| Untracked 
| 134|0x0000000088600000, 0x0000000088700000, 0x0000000088700000|100%| O|  |TAMS 0x0000000088600000, 0x0000000088700000| Untracked 
| 135|0x0000000088700000, 0x0000000088800000, 0x0000000088800000|100%| O|  |TAMS 0x0000000088700000, 0x0000000088800000| Untracked 
| 136|0x0000000088800000, 0x0000000088900000, 0x0000000088900000|100%| O|  |TAMS 0x0000000088800000, 0x0000000088900000| Untracked 
| 137|0x0000000088900000, 0x0000000088a00000, 0x0000000088a00000|100%| O|  |TAMS 0x0000000088900000, 0x0000000088a00000| Untracked 
| 138|0x0000000088a00000, 0x0000000088b00000, 0x0000000088b00000|100%| O|  |TAMS 0x0000000088a00000, 0x0000000088b00000| Untracked 
| 139|0x0000000088b00000, 0x0000000088c00000, 0x0000000088c00000|100%| O|  |TAMS 0x0000000088b00000, 0x0000000088c00000| Untracked 
| 140|0x0000000088c00000, 0x0000000088d00000, 0x0000000088d00000|100%| O|  |TAMS 0x0000000088c00000, 0x0000000088d00000| Untracked 
| 141|0x0000000088d00000, 0x0000000088e00000, 0x0000000088e00000|100%| O|  |TAMS 0x0000000088d00000, 0x0000000088e00000| Untracked 
| 142|0x0000000088e00000, 0x0000000088e00000, 0x0000000088f00000|  0%| F|  |TAMS 0x0000000088e00000, 0x0000000088e00000| Untracked 
| 143|0x0000000088f00000, 0x0000000088f00000, 0x0000000089000000|  0%| F|  |TAMS 0x0000000088f00000, 0x0000000088f00000| Untracked 
| 144|0x0000000089000000, 0x0000000089000000, 0x0000000089100000|  0%| F|  |TAMS 0x0000000089000000, 0x0000000089000000| Untracked 
| 145|0x0000000089100000, 0x0000000089100000, 0x0000000089200000|  0%| F|  |TAMS 0x0000000089100000, 0x0000000089100000| Untracked 
| 146|0x0000000089200000, 0x0000000089200000, 0x0000000089300000|  0%| F|  |TAMS 0x0000000089200000, 0x0000000089200000| Untracked 
| 147|0x0000000089300000, 0x0000000089300000, 0x0000000089400000|  0%| F|  |TAMS 0x0000000089300000, 0x0000000089300000| Untracked 
| 148|0x0000000089400000, 0x0000000089400000, 0x0000000089500000|  0%| F|  |TAMS 0x0000000089400000, 0x0000000089400000| Untracked 
| 149|0x0000000089500000, 0x0000000089500000, 0x0000000089600000|  0%| F|  |TAMS 0x0000000089500000, 0x0000000089500000| Untracked 
| 150|0x0000000089600000, 0x0000000089600000, 0x0000000089700000|  0%| F|  |TAMS 0x0000000089600000, 0x0000000089600000| Untracked 
| 151|0x0000000089700000, 0x0000000089700000, 0x0000000089800000|  0%| F|  |TAMS 0x0000000089700000, 0x0000000089700000| Untracked 
| 152|0x0000000089800000, 0x0000000089800000, 0x0000000089900000|  0%| F|  |TAMS 0x0000000089800000, 0x0000000089800000| Untracked 
| 153|0x0000000089900000, 0x0000000089900000, 0x0000000089a00000|  0%| F|  |TAMS 0x0000000089900000, 0x0000000089900000| Untracked 
| 154|0x0000000089a00000, 0x0000000089a00000, 0x0000000089b00000|  0%| F|  |TAMS 0x0000000089a00000, 0x0000000089a00000| Untracked 
| 155|0x0000000089b00000, 0x0000000089b00000, 0x0000000089c00000|  0%| F|  |TAMS 0x0000000089b00000, 0x0000000089b00000| Untracked 
| 156|0x0000000089c00000, 0x0000000089c00000, 0x0000000089d00000|  0%| F|  |TAMS 0x0000000089c00000, 0x0000000089c00000| Untracked 
| 157|0x0000000089d00000, 0x0000000089d00000, 0x0000000089e00000|  0%| F|  |TAMS 0x0000000089d00000, 0x0000000089d00000| Untracked 
| 158|0x0000000089e00000, 0x0000000089e00000, 0x0000000089f00000|  0%| F|  |TAMS 0x0000000089e00000, 0x0000000089e00000| Untracked 
| 159|0x0000000089f00000, 0x0000000089f00000, 0x000000008a000000|  0%| F|  |TAMS 0x0000000089f00000, 0x0000000089f00000| Untracked 
| 160|0x000000008a000000, 0x000000008a000000, 0x000000008a100000|  0%| F|  |TAMS 0x000000008a000000, 0x000000008a000000| Untracked 
| 161|0x000000008a100000, 0x000000008a100000, 0x000000008a200000|  0%| F|  |TAMS 0x000000008a100000, 0x000000008a100000| Untracked 
| 162|0x000000008a200000, 0x000000008a200000, 0x000000008a300000|  0%| F|  |TAMS 0x000000008a200000, 0x000000008a200000| Untracked 
| 163|0x000000008a300000, 0x000000008a300000, 0x000000008a400000|  0%| F|  |TAMS 0x000000008a300000, 0x000000008a300000| Untracked 
| 164|0x000000008a400000, 0x000000008a400000, 0x000000008a500000|  0%| F|  |TAMS 0x000000008a400000, 0x000000008a400000| Untracked 
| 165|0x000000008a500000, 0x000000008a500000, 0x000000008a600000|  0%| F|  |TAMS 0x000000008a500000, 0x000000008a500000| Untracked 
| 166|0x000000008a600000, 0x000000008a600000, 0x000000008a700000|  0%| F|  |TAMS 0x000000008a600000, 0x000000008a600000| Untracked 
| 167|0x000000008a700000, 0x000000008a700000, 0x000000008a800000|  0%| F|  |TAMS 0x000000008a700000, 0x000000008a700000| Untracked 
| 168|0x000000008a800000, 0x000000008a800000, 0x000000008a900000|  0%| F|  |TAMS 0x000000008a800000, 0x000000008a800000| Untracked 
| 169|0x000000008a900000, 0x000000008a900000, 0x000000008aa00000|  0%| F|  |TAMS 0x000000008a900000, 0x000000008a900000| Untracked 
| 170|0x000000008aa00000, 0x000000008aa00000, 0x000000008ab00000|  0%| F|  |TAMS 0x000000008aa00000, 0x000000008aa00000| Untracked 
| 171|0x000000008ab00000, 0x000000008ab00000, 0x000000008ac00000|  0%| F|  |TAMS 0x000000008ab00000, 0x000000008ab00000| Untracked 
| 172|0x000000008ac00000, 0x000000008ac00000, 0x000000008ad00000|  0%| F|  |TAMS 0x000000008ac00000, 0x000000008ac00000| Untracked 
| 173|0x000000008ad00000, 0x000000008ad00000, 0x000000008ae00000|  0%| F|  |TAMS 0x000000008ad00000, 0x000000008ad00000| Untracked 
| 174|0x000000008ae00000, 0x000000008ae00000, 0x000000008af00000|  0%| F|  |TAMS 0x000000008ae00000, 0x000000008ae00000| Untracked 
| 175|0x000000008af00000, 0x000000008af00000, 0x000000008b000000|  0%| F|  |TAMS 0x000000008af00000, 0x000000008af00000| Untracked 
| 176|0x000000008b000000, 0x000000008b000000, 0x000000008b100000|  0%| F|  |TAMS 0x000000008b000000, 0x000000008b000000| Untracked 
| 177|0x000000008b100000, 0x000000008b200000, 0x000000008b200000|100%| S|CS|TAMS 0x000000008b100000, 0x000000008b100000| Complete 
| 178|0x000000008b200000, 0x000000008b300000, 0x000000008b300000|100%| S|CS|TAMS 0x000000008b200000, 0x000000008b200000| Complete 
| 179|0x000000008b300000, 0x000000008b400000, 0x000000008b400000|100%| S|CS|TAMS 0x000000008b300000, 0x000000008b300000| Complete 
| 180|0x000000008b400000, 0x000000008b500000, 0x000000008b500000|100%| S|CS|TAMS 0x000000008b400000, 0x000000008b400000| Complete 
| 181|0x000000008b500000, 0x000000008b600000, 0x000000008b600000|100%| S|CS|TAMS 0x000000008b500000, 0x000000008b500000| Complete 
| 182|0x000000008b600000, 0x000000008b700000, 0x000000008b700000|100%| S|CS|TAMS 0x000000008b600000, 0x000000008b600000| Complete 
| 183|0x000000008b700000, 0x000000008b800000, 0x000000008b800000|100%| S|CS|TAMS 0x000000008b700000, 0x000000008b700000| Complete 
| 184|0x000000008b800000, 0x000000008b900000, 0x000000008b900000|100%| S|CS|TAMS 0x000000008b800000, 0x000000008b800000| Complete 
| 185|0x000000008b900000, 0x000000008b900000, 0x000000008ba00000|  0%| F|  |TAMS 0x000000008b900000, 0x000000008b900000| Untracked 
| 186|0x000000008ba00000, 0x000000008ba00000, 0x000000008bb00000|  0%| F|  |TAMS 0x000000008ba00000, 0x000000008ba00000| Untracked 
| 187|0x000000008bb00000, 0x000000008bb00000, 0x000000008bc00000|  0%| F|  |TAMS 0x000000008bb00000, 0x000000008bb00000| Untracked 
| 188|0x000000008bc00000, 0x000000008bc00000, 0x000000008bd00000|  0%| F|  |TAMS 0x000000008bc00000, 0x000000008bc00000| Untracked 
| 189|0x000000008bd00000, 0x000000008bd00000, 0x000000008be00000|  0%| F|  |TAMS 0x000000008bd00000, 0x000000008bd00000| Untracked 
| 190|0x000000008be00000, 0x000000008be00000, 0x000000008bf00000|  0%| F|  |TAMS 0x000000008be00000, 0x000000008be00000| Untracked 
| 191|0x000000008bf00000, 0x000000008bf00000, 0x000000008c000000|  0%| F|  |TAMS 0x000000008bf00000, 0x000000008bf00000| Untracked 
| 192|0x000000008c000000, 0x000000008c000000, 0x000000008c100000|  0%| F|  |TAMS 0x000000008c000000, 0x000000008c000000| Untracked 
| 193|0x000000008c100000, 0x000000008c100000, 0x000000008c200000|  0%| F|  |TAMS 0x000000008c100000, 0x000000008c100000| Untracked 
| 194|0x000000008c200000, 0x000000008c200000, 0x000000008c300000|  0%| F|  |TAMS 0x000000008c200000, 0x000000008c200000| Untracked 
| 195|0x000000008c300000, 0x000000008c300000, 0x000000008c400000|  0%| F|  |TAMS 0x000000008c300000, 0x000000008c300000| Untracked 
| 196|0x000000008c400000, 0x000000008c400000, 0x000000008c500000|  0%| F|  |TAMS 0x000000008c400000, 0x000000008c400000| Untracked 
| 197|0x000000008c500000, 0x000000008c500000, 0x000000008c600000|  0%| F|  |TAMS 0x000000008c500000, 0x000000008c500000| Untracked 
| 198|0x000000008c600000, 0x000000008c600000, 0x000000008c700000|  0%| F|  |TAMS 0x000000008c600000, 0x000000008c600000| Untracked 
| 199|0x000000008c700000, 0x000000008c700000, 0x000000008c800000|  0%| F|  |TAMS 0x000000008c700000, 0x000000008c700000| Untracked 
| 200|0x000000008c800000, 0x000000008c800000, 0x000000008c900000|  0%| F|  |TAMS 0x000000008c800000, 0x000000008c800000| Untracked 
| 201|0x000000008c900000, 0x000000008c900000, 0x000000008ca00000|  0%| F|  |TAMS 0x000000008c900000, 0x000000008c900000| Untracked 
| 202|0x000000008ca00000, 0x000000008ca00000, 0x000000008cb00000|  0%| F|  |TAMS 0x000000008ca00000, 0x000000008ca00000| Untracked 
| 203|0x000000008cb00000, 0x000000008cb00000, 0x000000008cc00000|  0%| F|  |TAMS 0x000000008cb00000, 0x000000008cb00000| Untracked 
| 204|0x000000008cc00000, 0x000000008cc00000, 0x000000008cd00000|  0%| F|  |TAMS 0x000000008cc00000, 0x000000008cc00000| Untracked 
| 205|0x000000008cd00000, 0x000000008cd00000, 0x000000008ce00000|  0%| F|  |TAMS 0x000000008cd00000, 0x000000008cd00000| Untracked 
| 206|0x000000008ce00000, 0x000000008ce00000, 0x000000008cf00000|  0%| F|  |TAMS 0x000000008ce00000, 0x000000008ce00000| Untracked 
| 207|0x000000008cf00000, 0x000000008cf00000, 0x000000008d000000|  0%| F|  |TAMS 0x000000008cf00000, 0x000000008cf00000| Untracked 
| 208|0x000000008d000000, 0x000000008d000000, 0x000000008d100000|  0%| F|  |TAMS 0x000000008d000000, 0x000000008d000000| Untracked 
| 209|0x000000008d100000, 0x000000008d100000, 0x000000008d200000|  0%| F|  |TAMS 0x000000008d100000, 0x000000008d100000| Untracked 
| 210|0x000000008d200000, 0x000000008d200000, 0x000000008d300000|  0%| F|  |TAMS 0x000000008d200000, 0x000000008d200000| Untracked 
| 211|0x000000008d300000, 0x000000008d300000, 0x000000008d400000|  0%| F|  |TAMS 0x000000008d300000, 0x000000008d300000| Untracked 
| 212|0x000000008d400000, 0x000000008d400000, 0x000000008d500000|  0%| F|  |TAMS 0x000000008d400000, 0x000000008d400000| Untracked 
| 213|0x000000008d500000, 0x000000008d500000, 0x000000008d600000|  0%| F|  |TAMS 0x000000008d500000, 0x000000008d500000| Untracked 
| 214|0x000000008d600000, 0x000000008d600000, 0x000000008d700000|  0%| F|  |TAMS 0x000000008d600000, 0x000000008d600000| Untracked 
| 215|0x000000008d700000, 0x000000008d700000, 0x000000008d800000|  0%| F|  |TAMS 0x000000008d700000, 0x000000008d700000| Untracked 
| 216|0x000000008d800000, 0x000000008d800000, 0x000000008d900000|  0%| F|  |TAMS 0x000000008d800000, 0x000000008d800000| Untracked 
| 217|0x000000008d900000, 0x000000008d900000, 0x000000008da00000|  0%| F|  |TAMS 0x000000008d900000, 0x000000008d900000| Untracked 
| 218|0x000000008da00000, 0x000000008da00000, 0x000000008db00000|  0%| F|  |TAMS 0x000000008da00000, 0x000000008da00000| Untracked 
| 219|0x000000008db00000, 0x000000008db00000, 0x000000008dc00000|  0%| F|  |TAMS 0x000000008db00000, 0x000000008db00000| Untracked 
| 220|0x000000008dc00000, 0x000000008dc00000, 0x000000008dd00000|  0%| F|  |TAMS 0x000000008dc00000, 0x000000008dc00000| Untracked 
| 221|0x000000008dd00000, 0x000000008dd00000, 0x000000008de00000|  0%| F|  |TAMS 0x000000008dd00000, 0x000000008dd00000| Untracked 
| 222|0x000000008de00000, 0x000000008de00000, 0x000000008df00000|  0%| F|  |TAMS 0x000000008de00000, 0x000000008de00000| Untracked 
| 223|0x000000008df00000, 0x000000008df00000, 0x000000008e000000|  0%| F|  |TAMS 0x000000008df00000, 0x000000008df00000| Untracked 
| 224|0x000000008e000000, 0x000000008e000000, 0x000000008e100000|  0%| F|  |TAMS 0x000000008e000000, 0x000000008e000000| Untracked 
| 225|0x000000008e100000, 0x000000008e100000, 0x000000008e200000|  0%| F|  |TAMS 0x000000008e100000, 0x000000008e100000| Untracked 
| 226|0x000000008e200000, 0x000000008e200000, 0x000000008e300000|  0%| F|  |TAMS 0x000000008e200000, 0x000000008e200000| Untracked 
| 227|0x000000008e300000, 0x000000008e300000, 0x000000008e400000|  0%| F|  |TAMS 0x000000008e300000, 0x000000008e300000| Untracked 
| 228|0x000000008e400000, 0x000000008e400000, 0x000000008e500000|  0%| F|  |TAMS 0x000000008e400000, 0x000000008e400000| Untracked 
| 229|0x000000008e500000, 0x000000008e500000, 0x000000008e600000|  0%| F|  |TAMS 0x000000008e500000, 0x000000008e500000| Untracked 
| 230|0x000000008e600000, 0x000000008e600000, 0x000000008e700000|  0%| F|  |TAMS 0x000000008e600000, 0x000000008e600000| Untracked 
| 231|0x000000008e700000, 0x000000008e700000, 0x000000008e800000|  0%| F|  |TAMS 0x000000008e700000, 0x000000008e700000| Untracked 
| 232|0x000000008e800000, 0x000000008e800000, 0x000000008e900000|  0%| F|  |TAMS 0x000000008e800000, 0x000000008e800000| Untracked 
| 233|0x000000008e900000, 0x000000008e900000, 0x000000008ea00000|  0%| F|  |TAMS 0x000000008e900000, 0x000000008e900000| Untracked 
| 234|0x000000008ea00000, 0x000000008ea00000, 0x000000008eb00000|  0%| F|  |TAMS 0x000000008ea00000, 0x000000008ea00000| Untracked 
| 235|0x000000008eb00000, 0x000000008eb00000, 0x000000008ec00000|  0%| F|  |TAMS 0x000000008eb00000, 0x000000008eb00000| Untracked 
| 236|0x000000008ec00000, 0x000000008ec00000, 0x000000008ed00000|  0%| F|  |TAMS 0x000000008ec00000, 0x000000008ec00000| Untracked 
| 237|0x000000008ed00000, 0x000000008ed00000, 0x000000008ee00000|  0%| F|  |TAMS 0x000000008ed00000, 0x000000008ed00000| Untracked 
| 238|0x000000008ee00000, 0x000000008ee00000, 0x000000008ef00000|  0%| F|  |TAMS 0x000000008ee00000, 0x000000008ee00000| Untracked 
| 239|0x000000008ef00000, 0x000000008ef00000, 0x000000008f000000|  0%| F|  |TAMS 0x000000008ef00000, 0x000000008ef00000| Untracked 
| 240|0x000000008f000000, 0x000000008f000000, 0x000000008f100000|  0%| F|  |TAMS 0x000000008f000000, 0x000000008f000000| Untracked 
| 241|0x000000008f100000, 0x000000008f100000, 0x000000008f200000|  0%| F|  |TAMS 0x000000008f100000, 0x000000008f100000| Untracked 

Card table byte_map: [0x0000028058aa0000,0x0000028058ea0000] _byte_map_base: 0x00000280586a0000

Marking Bits (Prev, Next): (CMBitMap*) 0x0000028045f04fe0, (CMBitMap*) 0x0000028045f04fa0
 Prev Bits: [0x000002805b2a0000, 0x000002805d2a0000)
 Next Bits: [0x00000280592a0000, 0x000002805b2a0000)

Polling page: 0x0000028045670000

Metaspace:

Usage:
  Non-class:     84.18 MB used.
      Class:     12.99 MB used.
       Both:     97.17 MB used.

Virtual space:
  Non-class space:       88.00 MB reserved,      84.56 MB ( 96%) committed,  11 nodes.
      Class space:        1.00 GB reserved,      13.31 MB (  1%) committed,  1 nodes.
             Both:        1.09 GB reserved,      97.88 MB (  9%) committed. 

Chunk freelists:
   Non-Class:  3.16 MB
       Class:  2.57 MB
        Both:  5.73 MB

MaxMetaspaceSize: unlimited
CompressedClassSpaceSize: 1.00 GB
Initial GC threshold: 21.00 MB
Current GC threshold: 150.44 MB
CDS: off
MetaspaceReclaimPolicy: balanced
 - commit_granule_bytes: 65536.
 - commit_granule_words: 8192.
 - virtual_space_node_default_size: 1048576.
 - enlarge_chunks_in_place: 1.
 - new_chunks_are_fully_committed: 0.
 - uncommit_free_chunks: 1.
 - use_allocation_guard: 0.
 - handle_deallocations: 1.


Internal statistics:

num_allocs_failed_limit: 8.
num_arena_births: 918.
num_arena_deaths: 14.
num_vsnodes_births: 12.
num_vsnodes_deaths: 0.
num_space_committed: 1566.
num_space_uncommitted: 0.
num_chunks_returned_to_freelist: 26.
num_chunks_taken_from_freelist: 4523.
num_chunk_merges: 11.
num_chunk_splits: 2974.
num_chunks_enlarged: 1970.
num_purges: 2.
num_inconsistent_stats: 0.

CodeHeap 'non-profiled nmethods': size=120000Kb used=6135Kb max_used=6135Kb free=113864Kb
 bounds [0x0000028050e40000, 0x0000028051440000, 0x0000028058370000]
CodeHeap 'profiled nmethods': size=120000Kb used=22020Kb max_used=22020Kb free=97979Kb
 bounds [0x0000028049370000, 0x000002804a900000, 0x00000280508a0000]
CodeHeap 'non-nmethods': size=5760Kb used=2414Kb max_used=2449Kb free=3345Kb
 bounds [0x00000280508a0000, 0x0000028050b10000, 0x0000028050e40000]
 total_blobs=13130 nmethods=12192 adapters=850
 compilation: enabled
              stopped_count=0, restarted_count=0
 full_count=0

Compilation events (20 events):
Event: 125.106 Thread 0x000002806084c4c0 14078       3       com.android.ide.common.symbols.Symbol$NormalSymbolImpl::hashCode (62 bytes)
Event: 125.107 Thread 0x000002806084c4c0 nmethod 14078 0x000002804a8edd10 code [0x000002804a8edf00, 0x000002804a8ee2d8]
Event: 125.107 Thread 0x000002806084c4c0 14106       1       com.android.ide.common.symbols.Symbol$StyleableSymbolImpl::getCanonicalName (5 bytes)
Event: 125.107 Thread 0x000002806084c4c0 nmethod 14106 0x000002805143cc90 code [0x000002805143ce20, 0x000002805143cef8]
Event: 125.107 Thread 0x000002806084c4c0 14091       3       com.google.common.base.Splitter::split (15 bytes)
Event: 125.107 Thread 0x000002806084c4c0 nmethod 14091 0x000002804a8ee510 code [0x000002804a8ee6e0, 0x000002804a8eeb28]
Event: 125.107 Thread 0x000002806084c4c0 14107       1       com.android.ide.common.symbols.Symbol$StyleableSymbolImpl::getName (5 bytes)
Event: 125.107 Thread 0x000002806084c4c0 nmethod 14107 0x000002805143cf90 code [0x000002805143d120, 0x000002805143d1f8]
Event: 125.107 Thread 0x000002806084c4c0 14108       1       com.android.ide.common.symbols.Symbol$StyleableSymbolImpl::getValues (5 bytes)
Event: 125.108 Thread 0x000002806084c4c0 nmethod 14108 0x000002805143d290 code [0x000002805143d420, 0x000002805143d4f8]
Event: 125.108 Thread 0x000002806084c4c0 14109       1       com.android.ide.common.symbols.Symbol$StyleableSymbolImpl::getChildren (5 bytes)
Event: 125.108 Thread 0x000002806084c4c0 nmethod 14109 0x000002805143d590 code [0x000002805143d720, 0x000002805143d7f8]
Event: 125.108 Thread 0x000002806084c4c0 14110       1       com.android.ide.common.symbols.Symbol$StyleableSymbolImpl::getResourceVisibility (5 bytes)
Event: 125.108 Thread 0x000002806084c4c0 nmethod 14110 0x000002805143d890 code [0x000002805143da20, 0x000002805143daf8]
Event: 125.108 Thread 0x000002806084c4c0 14080       3       com.android.ide.common.symbols.Symbol$NormalSymbol::<init> (6 bytes)
Event: 125.108 Thread 0x000002806084c4c0 nmethod 14080 0x000002804a8eec90 code [0x000002804a8eee40, 0x000002804a8ef078]
Event: 125.108 Thread 0x000002806084c4c0 14083       3       com.android.ide.common.symbols.Symbol$NormalSymbolImpl::<init> (58 bytes)
Event: 125.109 Thread 0x000002806084c4c0 nmethod 14083 0x000002804a8ef190 code [0x000002804a8ef540, 0x000002804a8f0b98]
Event: 125.109 Thread 0x000002806084c4c0 14077       1       sun.nio.ch.FileDispatcherImpl::needsPositionLock (2 bytes)
Event: 125.110 Thread 0x000002806084c4c0 nmethod 14077 0x000002805143db90 code [0x000002805143dd20, 0x000002805143ddf8]

GC Heap History (20 events):
Event: 16.999 GC heap after
{Heap after GC invocations=41 (full 0):
 garbage-first heap   total 150528K, used 83133K [0x0000000080000000, 0x0000000100000000)
  region size 1024K, 3 young (3072K), 3 survivors (3072K)
 Metaspace       used 83974K, committed 84672K, reserved 1122304K
  class space    used 11518K, committed 11840K, reserved 1048576K
}
Event: 17.248 GC heap before
{Heap before GC invocations=41 (full 0):
 garbage-first heap   total 150528K, used 119997K [0x0000000080000000, 0x0000000100000000)
  region size 1024K, 40 young (40960K), 3 survivors (3072K)
 Metaspace       used 84317K, committed 84992K, reserved 1130496K
  class space    used 11536K, committed 11840K, reserved 1048576K
}
Event: 17.252 GC heap after
{Heap after GC invocations=42 (full 0):
 garbage-first heap   total 150528K, used 85461K [0x0000000080000000, 0x0000000100000000)
  region size 1024K, 5 young (5120K), 5 survivors (5120K)
 Metaspace       used 84317K, committed 84992K, reserved 1130496K
  class space    used 11536K, committed 11840K, reserved 1048576K
}
Event: 17.508 GC heap before
{Heap before GC invocations=43 (full 0):
 garbage-first heap   total 163840K, used 122325K [0x0000000080000000, 0x0000000100000000)
  region size 1024K, 42 young (43008K), 5 survivors (5120K)
 Metaspace       used 84676K, committed 85376K, reserved 1130496K
  class space    used 11567K, committed 11904K, reserved 1048576K
}
Event: 17.512 GC heap after
{Heap after GC invocations=44 (full 0):
 garbage-first heap   total 163840K, used 88195K [0x0000000080000000, 0x0000000100000000)
  region size 1024K, 6 young (6144K), 6 survivors (6144K)
 Metaspace       used 84676K, committed 85376K, reserved 1130496K
  class space    used 11567K, committed 11904K, reserved 1048576K
}
Event: 17.522 GC heap before
{Heap before GC invocations=44 (full 0):
 garbage-first heap   total 163840K, used 89219K [0x0000000080000000, 0x0000000100000000)
  region size 1024K, 8 young (8192K), 6 survivors (6144K)
 Metaspace       used 84682K, committed 85376K, reserved 1130496K
  class space    used 11567K, committed 11904K, reserved 1048576K
}
Event: 17.526 GC heap after
{Heap after GC invocations=45 (full 0):
 garbage-first heap   total 230400K, used 88244K [0x0000000080000000, 0x0000000100000000)
  region size 1024K, 1 young (1024K), 1 survivors (1024K)
 Metaspace       used 84682K, committed 85376K, reserved 1130496K
  class space    used 11567K, committed 11904K, reserved 1048576K
}
Event: 17.949 GC heap before
{Heap before GC invocations=45 (full 0):
 garbage-first heap   total 230400K, used 167092K [0x0000000080000000, 0x0000000100000000)
  region size 1024K, 79 young (80896K), 1 survivors (1024K)
 Metaspace       used 85087K, committed 85696K, reserved 1130496K
  class space    used 11599K, committed 11904K, reserved 1048576K
}
Event: 17.954 GC heap after
{Heap after GC invocations=46 (full 0):
 garbage-first heap   total 230400K, used 92987K [0x0000000080000000, 0x0000000100000000)
  region size 1024K, 6 young (6144K), 6 survivors (6144K)
 Metaspace       used 85087K, committed 85696K, reserved 1130496K
  class space    used 11599K, committed 11904K, reserved 1048576K
}
Event: 18.307 GC heap before
{Heap before GC invocations=46 (full 0):
 garbage-first heap   total 230400K, used 180027K [0x0000000080000000, 0x0000000100000000)
  region size 1024K, 92 young (94208K), 6 survivors (6144K)
 Metaspace       used 85201K, committed 85888K, reserved 1130496K
  class space    used 11604K, committed 11904K, reserved 1048576K
}
Event: 18.314 GC heap after
{Heap after GC invocations=47 (full 0):
 garbage-first heap   total 230400K, used 98102K [0x0000000080000000, 0x0000000100000000)
  region size 1024K, 11 young (11264K), 11 survivors (11264K)
 Metaspace       used 85201K, committed 85888K, reserved 1130496K
  class space    used 11604K, committed 11904K, reserved 1048576K
}
Event: 120.529 GC heap before
{Heap before GC invocations=47 (full 0):
 garbage-first heap   total 230400K, used 183094K [0x0000000080000000, 0x0000000100000000)
  region size 1024K, 95 young (97280K), 11 survivors (11264K)
 Metaspace       used 86917K, committed 87552K, reserved 1130496K
  class space    used 11772K, committed 12096K, reserved 1048576K
}
Event: 120.543 GC heap after
{Heap after GC invocations=48 (full 0):
 garbage-first heap   total 230400K, used 105352K [0x0000000080000000, 0x0000000100000000)
  region size 1024K, 12 young (12288K), 12 survivors (12288K)
 Metaspace       used 86917K, committed 87552K, reserved 1130496K
  class space    used 11772K, committed 12096K, reserved 1048576K
}
Event: 121.283 GC heap before
{Heap before GC invocations=48 (full 0):
 garbage-first heap   total 230400K, used 178056K [0x0000000080000000, 0x0000000100000000)
  region size 1024K, 75 young (76800K), 12 survivors (12288K)
 Metaspace       used 91288K, committed 91968K, reserved 1130496K
  class space    used 12264K, committed 12608K, reserved 1048576K
}
Event: 121.302 GC heap after
{Heap after GC invocations=49 (full 0):
 garbage-first heap   total 230400K, used 134144K [0x0000000080000000, 0x0000000100000000)
  region size 1024K, 12 young (12288K), 12 survivors (12288K)
 Metaspace       used 91288K, committed 91968K, reserved 1130496K
  class space    used 12264K, committed 12608K, reserved 1048576K
}
Event: 121.840 GC heap before
{Heap before GC invocations=50 (full 0):
 garbage-first heap   total 247808K, used 188416K [0x0000000080000000, 0x0000000100000000)
  region size 1024K, 56 young (57344K), 12 survivors (12288K)
 Metaspace       used 94045K, committed 94656K, reserved 1138688K
  class space    used 12572K, committed 12864K, reserved 1048576K
}
Event: 121.857 GC heap after
{Heap after GC invocations=51 (full 0):
 garbage-first heap   total 247808K, used 134444K [0x0000000080000000, 0x0000000100000000)
  region size 1024K, 4 young (4096K), 4 survivors (4096K)
 Metaspace       used 94045K, committed 94656K, reserved 1138688K
  class space    used 12572K, committed 12864K, reserved 1048576K
}
Event: 121.929 GC heap before
{Heap before GC invocations=51 (full 0):
 garbage-first heap   total 247808K, used 142636K [0x0000000080000000, 0x0000000100000000)
  region size 1024K, 12 young (12288K), 4 survivors (4096K)
 Metaspace       used 94178K, committed 94784K, reserved 1138688K
  class space    used 12592K, committed 12864K, reserved 1048576K
}
Event: 121.935 GC heap after
{Heap after GC invocations=52 (full 0):
 garbage-first heap   total 247808K, used 136877K [0x0000000080000000, 0x0000000100000000)
  region size 1024K, 2 young (2048K), 2 survivors (2048K)
 Metaspace       used 94178K, committed 94784K, reserved 1138688K
  class space    used 12592K, committed 12864K, reserved 1048576K
}
Event: 125.110 GC heap before
{Heap before GC invocations=52 (full 0):
 garbage-first heap   total 247808K, used 192173K [0x0000000080000000, 0x0000000100000000)
  region size 1024K, 57 young (58368K), 2 survivors (2048K)
 Metaspace       used 99503K, committed 100224K, reserved 1138688K
  class space    used 13305K, committed 13632K, reserved 1048576K
}

Dll operation events (2 events):
Event: 0.009 Loaded shared library C:\Program Files\Android\Android Studio\jbr\bin\java.dll
Event: 0.761 Loaded shared library C:\Program Files\Android\Android Studio\jbr\bin\verify.dll

Deoptimization events (20 events):
Event: 122.013 Thread 0x0000028060bdfa20 DEOPT PACKING pc=0x0000028051328884 sp=0x000000fc556fa1d0
Event: 122.013 Thread 0x0000028060bdfa20 DEOPT UNPACKING pc=0x00000280508fa1a3 sp=0x000000fc556fa1c8 mode 2
Event: 122.099 Thread 0x0000028060bdfa20 Uncommon trap: trap_request=0xffffffde fr.pc=0x00000280513836c8 relative=0x0000000000000568
Event: 122.099 Thread 0x0000028060bdfa20 Uncommon trap: reason=class_check action=maybe_recompile pc=0x00000280513836c8 method=java.util.regex.Matcher.search(I)Z @ 121 c2
Event: 122.099 Thread 0x0000028060bdfa20 DEOPT PACKING pc=0x00000280513836c8 sp=0x000000fc556fa420
Event: 122.099 Thread 0x0000028060bdfa20 DEOPT UNPACKING pc=0x00000280508fa1a3 sp=0x000000fc556fa378 mode 2
Event: 122.100 Thread 0x0000028060bdfa20 Uncommon trap: trap_request=0xffffffde fr.pc=0x00000280513836c8 relative=0x0000000000000568
Event: 122.100 Thread 0x0000028060bdfa20 Uncommon trap: reason=class_check action=maybe_recompile pc=0x00000280513836c8 method=java.util.regex.Matcher.search(I)Z @ 121 c2
Event: 122.100 Thread 0x0000028060bdfa20 DEOPT PACKING pc=0x00000280513836c8 sp=0x000000fc556fa420
Event: 122.100 Thread 0x0000028060bdfa20 DEOPT UNPACKING pc=0x00000280508fa1a3 sp=0x000000fc556fa378 mode 2
Event: 122.100 Thread 0x0000028060bdfa20 Uncommon trap: trap_request=0xffffffde fr.pc=0x00000280513836c8 relative=0x0000000000000568
Event: 122.100 Thread 0x0000028060bdfa20 Uncommon trap: reason=class_check action=maybe_recompile pc=0x00000280513836c8 method=java.util.regex.Matcher.search(I)Z @ 121 c2
Event: 122.100 Thread 0x0000028060bdfa20 DEOPT PACKING pc=0x00000280513836c8 sp=0x000000fc556fa400
Event: 122.100 Thread 0x0000028060bdfa20 DEOPT UNPACKING pc=0x00000280508fa1a3 sp=0x000000fc556fa358 mode 2
Event: 122.150 Thread 0x0000028060bdfa20 Uncommon trap: trap_request=0xffffffde fr.pc=0x0000028051328884 relative=0x0000000000003504
Event: 122.150 Thread 0x0000028060bdfa20 Uncommon trap: reason=class_check action=maybe_recompile pc=0x0000028051328884 method=java.lang.reflect.AccessibleObject.checkCanSetAccessible(Ljava/lang/Class;Ljava/lang/Class;Z)Z @ 71 c2
Event: 122.150 Thread 0x0000028060bdfa20 DEOPT PACKING pc=0x0000028051328884 sp=0x000000fc556fa380
Event: 122.150 Thread 0x0000028060bdfa20 DEOPT UNPACKING pc=0x00000280508fa1a3 sp=0x000000fc556fa378 mode 2
Event: 122.204 Thread 0x00000280615d6860 DEOPT PACKING pc=0x000002804a0d5544 sp=0x000000fc55ffcf90
Event: 122.204 Thread 0x00000280615d6860 DEOPT UNPACKING pc=0x00000280508face3 sp=0x000000fc55ffc4a8 mode 0

Classes unloaded (7 events):
Event: 121.394 Thread 0x000002805fd06c40 Unloading class 0x0000000100b89c00 'java/lang/invoke/LambdaForm$DMH+0x0000000100b89c00'
Event: 121.394 Thread 0x000002805fd06c40 Unloading class 0x0000000100b89800 'java/lang/invoke/LambdaForm$DMH+0x0000000100b89800'
Event: 121.394 Thread 0x000002805fd06c40 Unloading class 0x0000000100b89400 'java/lang/invoke/LambdaForm$DMH+0x0000000100b89400'
Event: 121.394 Thread 0x000002805fd06c40 Unloading class 0x0000000100b88800 'java/lang/invoke/LambdaForm$DMH+0x0000000100b88800'
Event: 121.394 Thread 0x000002805fd06c40 Unloading class 0x0000000100b88c00 'java/lang/invoke/LambdaForm$DMH+0x0000000100b88c00'
Event: 121.394 Thread 0x000002805fd06c40 Unloading class 0x0000000100b88400 'java/lang/invoke/LambdaForm$DMH+0x0000000100b88400'
Event: 121.394 Thread 0x000002805fd06c40 Unloading class 0x0000000100b89000 'java/lang/invoke/LambdaForm$DMH+0x0000000100b89000'

Classes redefined (0 events):
No events

Internal exceptions (20 events):
Event: 120.166 Thread 0x0000028063626d60 Exception <a 'sun/nio/fs/WindowsException'{0x000000008a516ad0}> (0x000000008a516ad0) 
thrown [s\src\hotspot\share\prims\jni.cpp, line 517]
Event: 120.166 Thread 0x0000028063626d60 Exception <a 'sun/nio/fs/WindowsException'{0x000000008a517e98}> (0x000000008a517e98) 
thrown [s\src\hotspot\share\prims\jni.cpp, line 517]
Event: 120.166 Thread 0x0000028063626d60 Exception <a 'sun/nio/fs/WindowsException'{0x000000008a519260}> (0x000000008a519260) 
thrown [s\src\hotspot\share\prims\jni.cpp, line 517]
Event: 120.557 Thread 0x0000028060bdc060 Implicit null exception at 0x00000280513522fc to 0x00000280513546bc
Event: 121.027 Thread 0x0000028060bdc060 Exception <a 'java/lang/NoSuchMethodError'{0x000000008b23b020}: 'java.lang.Object java.lang.invoke.Invokers$Holder.invoke_MT(java.lang.Object, java.lang.Object, java.lang.Object)'> (0x000000008b23b020) 
thrown [s\src\hotspot\share\interpreter\linkResolver.cpp, line 771]
Event: 121.367 Thread 0x0000028060bdc060 Exception <a 'java/lang/NoSuchMethodError'{0x000000008df5cf58}: static Lcom/android/ide/common/resources/CompileResourceRequest;.<clinit>()V> (0x000000008df5cf58) 
thrown [s\src\hotspot\share\prims\jni.cpp, line 1108]
Event: 121.374 Thread 0x0000028060bdc060 Exception <a 'java/lang/NoSuchMethodError'{0x000000008dfc0db8}: static [Ljava/lang/Object;.<clinit>()V> (0x000000008dfc0db8) 
thrown [s\src\hotspot\share\prims\jni.cpp, line 1108]
Event: 121.378 Thread 0x0000028060bdc060 Exception <a 'java/lang/NoSuchMethodError'{0x000000008de05bf8}: static Lkotlin/InitializedLazyImpl;.<clinit>()V> (0x000000008de05bf8) 
thrown [s\src\hotspot\share\prims\jni.cpp, line 1108]
Event: 121.391 Thread 0x00000280615d6860 Implicit null exception at 0x000002805134d258 to 0x000002805134d6ec
Event: 121.432 Thread 0x0000028060bdfa20 Implicit null exception at 0x0000028050f0b453 to 0x0000028050f0c13c
Event: 122.195 Thread 0x00000280615d4b80 Exception <a 'java/lang/NoSuchMethodError'{0x000000008de11880}: static Lcom/android/builder/internal/aapt/AaptOptions;.<clinit>()V> (0x000000008de11880) 
thrown [s\src\hotspot\share\prims\jni.cpp, line 1108]
Event: 122.197 Thread 0x00000280615d4b80 Exception <a 'java/lang/NoSuchMethodError'{0x000000008de458c0}: static Lcom/android/build/api/variant/impl/VariantOutputImpl$SerializedForm;.<clinit>()V> (0x000000008de458c0) 
thrown [s\src\hotspot\share\prims\jni.cpp, line 1108]
Event: 122.198 Thread 0x00000280615d4b80 Exception <a 'java/lang/NoSuchMethodError'{0x000000008de59628}: static Lcom/android/build/api/variant/impl/VariantOutputConfigurationImpl;.<clinit>()V> (0x000000008de59628) 
thrown [s\src\hotspot\share\prims\jni.cpp, line 1108]
Event: 122.897 Thread 0x00000280615d6860 Exception <a 'java/lang/NoSuchMethodError'{0x000000008c176c58}: 'void java.lang.invoke.DirectMethodHandle$Holder.invokeStatic(java.lang.Object, long)'> (0x000000008c176c58) 
thrown [s\src\hotspot\share\interpreter\linkResolver.cpp, line 771]
Event: 122.898 Thread 0x00000280615d6860 Exception <a 'java/lang/NoSuchMethodError'{0x000000008c17c558}: 'java.lang.Object java.lang.invoke.DirectMethodHandle$Holder.newInvokeSpecial(java.lang.Object, long)'> (0x000000008c17c558) 
thrown [s\src\hotspot\share\interpreter\linkResolver.cpp, line 771]
Event: 122.900 Thread 0x00000280615d6860 Exception <a 'java/lang/NoSuchMethodError'{0x000000008c183738}: 'java.lang.Object java.lang.invoke.DirectMethodHandle$Holder.invokeStatic(java.lang.Object, java.lang.Object, long, java.lang.Object)'> (0x000000008c183738) 
thrown [s\src\hotspot\share\interpreter\linkResolver.cpp, line 771]
Event: 122.900 Thread 0x00000280615d6860 Exception <a 'java/lang/NoSuchMethodError'{0x000000008c187478}: 'java.lang.Object java.lang.invoke.DirectMethodHandle$Holder.invokeStaticInit(java.lang.Object, java.lang.Object, long, java.lang.Object)'> (0x000000008c187478) 
thrown [s\src\hotspot\share\interpreter\linkResolver.cpp, line 771]
Event: 122.901 Thread 0x00000280615d6860 Exception <a 'java/lang/NoSuchMethodError'{0x000000008c18dd38}: 'java.lang.Object java.lang.invoke.DirectMethodHandle$Holder.newInvokeSpecial(java.lang.Object, java.lang.Object, long)'> (0x000000008c18dd38) 
thrown [s\src\hotspot\share\interpreter\linkResolver.cpp, line 771]
Event: 122.901 Thread 0x00000280615d6860 Exception <a 'java/lang/NoSuchMethodError'{0x000000008c191b50}: 'java.lang.Object java.lang.invoke.Invokers$Holder.linkToTargetMethod(java.lang.Object, long, java.lang.Object)'> (0x000000008c191b50) 
thrown [s\src\hotspot\share\interpreter\linkResolver.cpp, line 771]
Event: 123.056 Thread 0x00000280615d6860 Exception <a 'java/lang/NoSuchMethodError'{0x000000008c0d8550}: 'int java.lang.invoke.DirectMethodHandle$Holder.invokeSpecialIFC(java.lang.Object, java.lang.Object, java.lang.Object)'> (0x000000008c0d8550) 
thrown [s\src\hotspot\share\interpreter\linkResolver.cpp, line 771]

VM Operations (20 events):
Event: 121.857 Executing VM operation: G1CollectForAllocation done
Event: 121.883 Executing VM operation: HandshakeAllThreads
Event: 121.883 Executing VM operation: HandshakeAllThreads done
Event: 121.929 Executing VM operation: G1CollectForAllocation
Event: 121.935 Executing VM operation: G1CollectForAllocation done
Event: 122.005 Executing VM operation: HandshakeAllThreads
Event: 122.006 Executing VM operation: HandshakeAllThreads done
Event: 122.138 Executing VM operation: HandshakeAllThreads
Event: 122.138 Executing VM operation: HandshakeAllThreads done
Event: 122.140 Executing VM operation: HandshakeAllThreads
Event: 122.140 Executing VM operation: HandshakeAllThreads done
Event: 122.903 Executing VM operation: HandshakeAllThreads
Event: 122.904 Executing VM operation: HandshakeAllThreads done
Event: 123.910 Executing VM operation: Cleanup
Event: 123.910 Executing VM operation: Cleanup done
Event: 125.074 Executing VM operation: HandshakeAllThreads
Event: 125.075 Executing VM operation: HandshakeAllThreads done
Event: 125.075 Executing VM operation: Cleanup
Event: 125.075 Executing VM operation: Cleanup done
Event: 125.110 Executing VM operation: G1CollectForAllocation

Events (20 events):
Event: 122.899 loading class java/lang/ProcessHandleImpl done
Event: 122.901 loading class java/lang/ProcessImpl$2
Event: 122.902 loading class java/lang/ProcessImpl$2 done
Event: 122.902 loading class java/lang/Process$PipeInputStream
Event: 122.902 loading class java/lang/Process$PipeInputStream done
Event: 122.904 loading class jdk/internal/event/ProcessStartEvent
Event: 122.904 loading class jdk/internal/event/ProcessStartEvent done
Event: 122.905 Thread 0x00000280615d2030 Thread added: 0x00000280615d2030
Event: 122.905 Thread 0x00000280615d59f0 Thread added: 0x00000280615d59f0
Event: 123.045 Thread 0x00000280660cb4d0 Thread exited: 0x00000280660cb4d0
Event: 125.072 Thread 0x00000280660cafc0 Thread added: 0x00000280660cafc0
Event: 125.078 Thread 0x000002806084d9e0 flushing nmethod 0x00000280493ba690
Event: 125.080 Thread 0x000002806084d9e0 flushing nmethod 0x00000280495b6690
Event: 125.080 Thread 0x000002806084d9e0 flushing nmethod 0x00000280495c9810
Event: 125.085 Thread 0x000002806084d9e0 flushing nmethod 0x0000028049ca1b90
Event: 125.086 Thread 0x000002806084d9e0 flushing nmethod 0x0000028049dd3f10
Event: 125.089 Thread 0x000002806084d9e0 flushing nmethod 0x000002804a0c1310
Event: 125.089 Thread 0x000002806084d9e0 flushing nmethod 0x000002804a0c1e90
Event: 125.089 Thread 0x000002806084d9e0 flushing nmethod 0x000002804a0c2610
Event: 125.094 Thread 0x000002806084d9e0 flushing nmethod 0x000002804a701e10


Dynamic libraries:
0x00007ff6d4530000 - 0x00007ff6d453a000 	C:\Program Files\Android\Android Studio\jbr\bin\java.exe
0x00007ffb60810000 - 0x00007ffb60a27000 	C:\WINDOWS\SYSTEM32\ntdll.dll
0x00007ffb5ed00000 - 0x00007ffb5edc4000 	C:\WINDOWS\System32\KERNEL32.DLL
0x00007ffb5dfa0000 - 0x00007ffb5e345000 	C:\WINDOWS\System32\KERNELBASE.dll
0x00007ffb5e440000 - 0x00007ffb5e551000 	C:\WINDOWS\System32\ucrtbase.dll
0x00007ffb534d0000 - 0x00007ffb534eb000 	C:\Program Files\Android\Android Studio\jbr\bin\VCRUNTIME140.dll
0x00007ffb4e420000 - 0x00007ffb4e437000 	C:\Program Files\Android\Android Studio\jbr\bin\jli.dll
0x00007ffb5f8b0000 - 0x00007ffb5fa5e000 	C:\WINDOWS\System32\USER32.dll
0x00007ffb40480000 - 0x00007ffb40713000 	C:\WINDOWS\WinSxS\amd64_microsoft.windows.common-controls_6595b64144ccf1df_6.0.22621.2506_none_270c5ae97388e100\COMCTL32.dll
0x00007ffb5e350000 - 0x00007ffb5e376000 	C:\WINDOWS\System32\win32u.dll
0x00007ffb5f800000 - 0x00007ffb5f8a7000 	C:\WINDOWS\System32\msvcrt.dll
0x00007ffb5ec40000 - 0x00007ffb5ec69000 	C:\WINDOWS\System32\GDI32.dll
0x00007ffb5dc00000 - 0x00007ffb5dd19000 	C:\WINDOWS\System32\gdi32full.dll
0x00007ffb5dd20000 - 0x00007ffb5ddba000 	C:\WINDOWS\System32\msvcp_win.dll
0x00007ffb5f630000 - 0x00007ffb5f661000 	C:\WINDOWS\System32\IMM32.DLL
0x00007ffb34250000 - 0x00007ffb3425c000 	C:\Program Files\Android\Android Studio\jbr\bin\vcruntime140_1.dll
0x00007ffb17a50000 - 0x00007ffb17add000 	C:\Program Files\Android\Android Studio\jbr\bin\msvcp140.dll
0x00007ffaecb90000 - 0x00007ffaed7fd000 	C:\Program Files\Android\Android Studio\jbr\bin\server\jvm.dll
0x00007ffb60710000 - 0x00007ffb607c1000 	C:\WINDOWS\System32\ADVAPI32.dll
0x00007ffb5f740000 - 0x00007ffb5f7e6000 	C:\WINDOWS\System32\sechost.dll
0x00007ffb5fdf0000 - 0x00007ffb5ff07000 	C:\WINDOWS\System32\RPCRT4.dll
0x00007ffb41870000 - 0x00007ffb41879000 	C:\WINDOWS\SYSTEM32\WSOCK32.dll
0x00007ffb60160000 - 0x00007ffb601d1000 	C:\WINDOWS\System32\WS2_32.dll
0x00007ffb55d80000 - 0x00007ffb55db4000 	C:\WINDOWS\SYSTEM32\WINMM.dll
0x00007ffb56a70000 - 0x00007ffb56a7a000 	C:\WINDOWS\SYSTEM32\VERSION.dll
0x00007ffb5caa0000 - 0x00007ffb5cab8000 	C:\WINDOWS\SYSTEM32\kernel.appcore.dll
0x00007ffb410a0000 - 0x00007ffb410aa000 	C:\Program Files\Android\Android Studio\jbr\bin\jimage.dll
0x00007ffb5b330000 - 0x00007ffb5b563000 	C:\WINDOWS\SYSTEM32\DBGHELP.DLL
0x00007ffb60380000 - 0x00007ffb60709000 	C:\WINDOWS\System32\combase.dll
0x00007ffb5fbc0000 - 0x00007ffb5fc97000 	C:\WINDOWS\System32\OLEAUT32.dll
0x00007ffb319b0000 - 0x00007ffb319e2000 	C:\WINDOWS\SYSTEM32\dbgcore.DLL
0x00007ffb5db80000 - 0x00007ffb5dbfa000 	C:\WINDOWS\System32\bcryptPrimitives.dll
0x00007ffb3c670000 - 0x00007ffb3c695000 	C:\Program Files\Android\Android Studio\jbr\bin\java.dll
0x00007ffb41080000 - 0x00007ffb41098000 	C:\Program Files\Android\Android Studio\jbr\bin\zip.dll
0x00007ffb5edd0000 - 0x00007ffb5f629000 	C:\WINDOWS\System32\SHELL32.dll
0x00007ffb5ba50000 - 0x00007ffb5c344000 	C:\WINDOWS\SYSTEM32\windows.storage.dll
0x00007ffb5b910000 - 0x00007ffb5ba4e000 	C:\WINDOWS\SYSTEM32\wintypes.dll
0x00007ffb5ff10000 - 0x00007ffb60003000 	C:\WINDOWS\System32\SHCORE.dll
0x00007ffb5fca0000 - 0x00007ffb5fcfe000 	C:\WINDOWS\System32\shlwapi.dll
0x00007ffb5dab0000 - 0x00007ffb5dad6000 	C:\WINDOWS\SYSTEM32\profapi.dll
0x00007ffb335b0000 - 0x00007ffb335c9000 	C:\Program Files\Android\Android Studio\jbr\bin\net.dll
0x00007ffb57310000 - 0x00007ffb57447000 	C:\WINDOWS\SYSTEM32\WINHTTP.dll
0x00007ffb5cfc0000 - 0x00007ffb5d029000 	C:\WINDOWS\system32\mswsock.dll
0x00007ffb33590000 - 0x00007ffb335a6000 	C:\Program Files\Android\Android Studio\jbr\bin\nio.dll
0x00007ffb3bb60000 - 0x00007ffb3bb70000 	C:\Program Files\Android\Android Studio\jbr\bin\verify.dll
0x00007ffb1c4f0000 - 0x00007ffb1c517000 	C:\Users\USER\.gradle\native\e1d6ef7f7dcc3fd88c89a11ec53ec762bb8ba0a96d01ffa2cd45eb1d1d8dd5c5\windows-amd64\native-platform.dll
0x00007ffb17900000 - 0x00007ffb17a44000 	C:\Users\USER\.gradle\native\0d407fdbe67a94daf76414ababcb853783967236a71b16ec16e742cd7a986fd3\windows-amd64\native-platform-file-events.dll
0x00007ffb3c660000 - 0x00007ffb3c669000 	C:\Program Files\Android\Android Studio\jbr\bin\management.dll
0x00007ffb3bc90000 - 0x00007ffb3bc9b000 	C:\Program Files\Android\Android Studio\jbr\bin\management_ext.dll
0x00007ffb5f7f0000 - 0x00007ffb5f7f8000 	C:\WINDOWS\System32\PSAPI.DLL
0x00007ffb5d250000 - 0x00007ffb5d26b000 	C:\WINDOWS\SYSTEM32\CRYPTSP.dll
0x00007ffb5cac0000 - 0x00007ffb5caf5000 	C:\WINDOWS\system32\rsaenh.dll
0x00007ffb5d0d0000 - 0x00007ffb5d0fc000 	C:\WINDOWS\SYSTEM32\USERENV.dll
0x00007ffb5d490000 - 0x00007ffb5d4b8000 	C:\WINDOWS\SYSTEM32\bcrypt.dll
0x00007ffb5d270000 - 0x00007ffb5d27c000 	C:\WINDOWS\SYSTEM32\CRYPTBASE.dll
0x00007ffb5c5b0000 - 0x00007ffb5c5dd000 	C:\WINDOWS\SYSTEM32\IPHLPAPI.DLL
0x00007ffb5fd00000 - 0x00007ffb5fd09000 	C:\WINDOWS\System32\NSI.dll
0x00007ffb56f80000 - 0x00007ffb56f99000 	C:\WINDOWS\SYSTEM32\dhcpcsvc6.DLL
0x00007ffb56f60000 - 0x00007ffb56f7f000 	C:\WINDOWS\SYSTEM32\dhcpcsvc.DLL
0x00007ffb5c620000 - 0x00007ffb5c719000 	C:\WINDOWS\SYSTEM32\DNSAPI.dll
0x00007ffafb760000 - 0x00007ffafb768000 	C:\WINDOWS\system32\wshunix.dll
0x00007ffb5cb60000 - 0x00007ffb5cb94000 	C:\WINDOWS\SYSTEM32\ntmarta.dll

dbghelp: loaded successfully - version: 4.0.5 - missing functions: none
symbol engine: initialized successfully - sym options: 0x614 - pdb path: .;C:\Program Files\Android\Android Studio\jbr\bin;C:\WINDOWS\SYSTEM32;C:\WINDOWS\WinSxS\amd64_microsoft.windows.common-controls_6595b64144ccf1df_6.0.22621.2506_none_270c5ae97388e100;C:\Program Files\Android\Android Studio\jbr\bin\server;C:\Users\USER\.gradle\native\e1d6ef7f7dcc3fd88c89a11ec53ec762bb8ba0a96d01ffa2cd45eb1d1d8dd5c5\windows-amd64;C:\Users\USER\.gradle\native\0d407fdbe67a94daf76414ababcb853783967236a71b16ec16e742cd7a986fd3\windows-amd64

VM Arguments:
jvm_args: --add-opens=java.base/java.util=ALL-UNNAMED --add-opens=java.base/java.lang=ALL-UNNAMED --add-opens=java.base/java.lang.invoke=ALL-UNNAMED --add-opens=java.base/java.util=ALL-UNNAMED --add-opens=java.prefs/java.util.prefs=ALL-UNNAMED --add-opens=java.prefs/java.util.prefs=ALL-UNNAMED --add-opens=java.base/java.nio.charset=ALL-UNNAMED --add-opens=java.base/java.net=ALL-UNNAMED --add-opens=java.base/java.util.concurrent.atomic=ALL-UNNAMED -Xmx2048m -Dfile.encoding=UTF-8 -Duser.country=US -Duser.language=en -Duser.variant 
java_command: org.gradle.launcher.daemon.bootstrap.GradleDaemon 7.4
java_class_path (initial): C:\Users\USER\.gradle\wrapper\dists\gradle-7.4-bin\c0gwcg53nkjbqw7r0h0umtfvt\gradle-7.4\lib\gradle-launcher-7.4.jar
Launcher Type: SUN_STANDARD

[Global flags]
     intx CICompilerCount                          = 4                                         {product} {ergonomic}
     uint ConcGCThreads                            = 2                                         {product} {ergonomic}
     uint G1ConcRefinementThreads                  = 8                                         {product} {ergonomic}
   size_t G1HeapRegionSize                         = 1048576                                   {product} {ergonomic}
    uintx GCDrainStackTargetSize                   = 64                                        {product} {ergonomic}
   size_t InitialHeapSize                          = 130023424                                 {product} {ergonomic}
   size_t MarkStackSize                            = 4194304                                   {product} {ergonomic}
   size_t MaxHeapSize                              = 2147483648                                {product} {command line}
   size_t MaxNewSize                               = 1287651328                                {product} {ergonomic}
   size_t MinHeapDeltaBytes                        = 1048576                                   {product} {ergonomic}
   size_t MinHeapSize                              = 8388608                                   {product} {ergonomic}
    uintx NonNMethodCodeHeapSize                   = 5839372                                {pd product} {ergonomic}
    uintx NonProfiledCodeHeapSize                  = 122909434                              {pd product} {ergonomic}
    uintx ProfiledCodeHeapSize                     = 122909434                              {pd product} {ergonomic}
    uintx ReservedCodeCacheSize                    = 251658240                              {pd product} {ergonomic}
     bool SegmentedCodeCache                       = true                                      {product} {ergonomic}
   size_t SoftMaxHeapSize                          = 2147483648                             {manageable} {ergonomic}
     bool UseCompressedClassPointers               = true                           {product lp64_product} {ergonomic}
     bool UseCompressedOops                        = true                           {product lp64_product} {ergonomic}
     bool UseG1GC                                  = true                                      {product} {ergonomic}
     bool UseLargePagesIndividualAllocation        = false                                  {pd product} {ergonomic}

Logging:
Log output configuration:
 #0: stdout all=warning uptime,level,tags
 #1: stderr all=off uptime,level,tags

Environment Variables:
PATH=D:\app\USER\product\21c\dbhomeXE\bin;C:\oraclexe\app\oracle\product\11.2.0\server\bin;C:\Program Files\Common Files\Oracle\Java\javapath;C:\WINDOWS\system32;C:\WINDOWS;C:\WINDOWS\System32\Wbem;C:\WINDOWS\System32\WindowsPowerShell\v1.0\;C:\WINDOWS\System32\OpenSSH\;C:\msys64\mingw64\bin;C:\Program Files\Java\jdk-17.0.4\bin;C:\Program Files\Git\cmd;C:\Program Files\Microsoft SQL Server\Client SDK\ODBC\170\Tools\Binn\;C:\Program Files\dotnet\;C:\Program Files (x86)\GnuWin32\bin;C:\Program Files\Cloudflare\Cloudflare WARP\;C:\Users\USER\AppData\Local\Microsoft\WindowsApps;C:\Users\USER\AppData\Local\Programs\Microsoft VS Code\bin;C:\Program Files\Azure Data Studio\bin;C:\Users\USER\.dotnet\tools;C:\Users\USER\AppData\Roaming\Composer\vendor\bin
USERNAME=USER
OS=Windows_NT
PROCESSOR_IDENTIFIER=Intel64 Family 6 Model 140 Stepping 1, GenuineIntel
TMP=C:\Users\USER\AppData\Local\Temp
TEMP=C:\Users\USER\AppData\Local\Temp



---------------  S Y S T E M  ---------------

OS:
 Windows 11 , 64 bit Build 22621 (10.0.22621.2506)
OS uptime: 0 days 7:46 hours
Hyper-V role detected

CPU: total 8 (initial active 8) (4 cores per cpu, 2 threads per core) family 6 model 140 stepping 1 microcode 0xa6, cx8, cmov, fxsr, ht, mmx, 3dnowpref, sse, sse2, sse3, ssse3, sse4.1, sse4.2, popcnt, lzcnt, tsc, tscinvbit, avx, avx2, aes, erms, clmul, bmi1, bmi2, adx, avx512f, avx512dq, avx512cd, avx512bw, avx512vl, sha, fma, vzeroupper, avx512_vpopcntdq, avx512_vpclmulqdq, avx512_vaes, avx512_vnni, clflush, clflushopt, clwb, avx512_vbmi2, avx512_vbmi, hv

Memory: 4k page, system-wide physical 7886M (457M free)
TotalPageFile size 9934M (AvailPageFile size 244M)
current process WorkingSet (physical memory assigned to process): 503M, peak: 504M
current process commit charge ("private bytes"): 536M, peak: 778M

vm_info: OpenJDK 64-Bit Server VM (17.0.6+0-b2043.56-9586694) for windows-amd64 JRE (17.0.6+0-b2043.56-9586694), built on Feb  9 2023 20:06:20 by "androidbuild" with MS VC++ 16.10 / 16.11 (VS2019)

END.
